[2023-11-01T12:42:25.798+0000] {taskinstance.py:1159} INFO - Dependencies all met for dep_context=non-requeueable deps ti=<TaskInstance: Nyc_Yellow_Taxi.copy_data_into_passenger_count_table scheduled__2023-10-30T23:00:00+00:00 [queued]>
[2023-11-01T12:42:25.818+0000] {taskinstance.py:1159} INFO - Dependencies all met for dep_context=requeueable deps ti=<TaskInstance: Nyc_Yellow_Taxi.copy_data_into_passenger_count_table scheduled__2023-10-30T23:00:00+00:00 [queued]>
[2023-11-01T12:42:25.819+0000] {taskinstance.py:1361} INFO - Starting attempt 1 of 1
[2023-11-01T12:42:25.839+0000] {taskinstance.py:1382} INFO - Executing <Task(SQLExecuteQueryOperator): copy_data_into_passenger_count_table> on 2023-10-30 23:00:00+00:00
[2023-11-01T12:42:25.845+0000] {standard_task_runner.py:57} INFO - Started process 163 to run task
[2023-11-01T12:42:25.850+0000] {standard_task_runner.py:84} INFO - Running: ['***', 'tasks', 'run', 'Nyc_Yellow_Taxi', 'copy_data_into_passenger_count_table', 'scheduled__2023-10-30T23:00:00+00:00', '--job-id', '3708', '--raw', '--subdir', 'DAGS_FOLDER/yellow_taxi_etl.py', '--cfg-path', '/tmp/tmp64wu2mi5']
[2023-11-01T12:42:25.852+0000] {standard_task_runner.py:85} INFO - Job 3708: Subtask copy_data_into_passenger_count_table
[2023-11-01T12:42:25.922+0000] {task_command.py:416} INFO - Running <TaskInstance: Nyc_Yellow_Taxi.copy_data_into_passenger_count_table scheduled__2023-10-30T23:00:00+00:00 [running]> on host 3997903a8e32
[2023-11-01T12:42:26.032+0000] {taskinstance.py:1662} INFO - Exporting env vars: AIRFLOW_CTX_DAG_OWNER='***' AIRFLOW_CTX_DAG_ID='Nyc_Yellow_Taxi' AIRFLOW_CTX_TASK_ID='copy_data_into_passenger_count_table' AIRFLOW_CTX_EXECUTION_DATE='2023-10-30T23:00:00+00:00' AIRFLOW_CTX_TRY_NUMBER='1' AIRFLOW_CTX_DAG_RUN_ID='scheduled__2023-10-30T23:00:00+00:00'
[2023-11-01T12:42:26.034+0000] {sql.py:274} INFO - Executing: 
                               USE DATABASE AIRFLOW_NYC_TLC;
                               USE SCHEMA Airflow_Yellow_Taxi;
                               CREATE OR REPLACE PIPE passenger_count_dim_pipe
                               AUTO_INGEST = TRUE
                               COMMENT = 'Creates a passenger count dimension pipe'
                               AS
                               COPY INTO AIRFLOW_NYC_TLC.Airflow_Yellow_Taxi.passenger_count_dim
                               FROM @***_tlc_aws_s3_stage/passenger_count_dim
                               FILE_FORMAT = (TYPE = 'PARQUET')
                               MATCH_BY_COLUMN_NAME = CASE_INSENSITIVE

                               
[2023-11-01T12:42:26.052+0000] {base.py:73} INFO - Using connection ID 'snowflake_default' for task execution.
[2023-11-01T12:42:27.882+0000] {warnings.py:109} WARNING - /home/***/.local/lib/python3.8/site-packages/snowflake/connector/options.py:103: UserWarning: You have an incompatible version of 'pyarrow' installed (11.0.0), please install a version that adheres to: 'pyarrow<10.1.0,>=10.0.1; extra == "pandas"'
  warn_incompatible_dep(

[2023-11-01T12:42:28.250+0000] {base.py:73} INFO - Using connection ID 'snowflake_default' for task execution.
[2023-11-01T12:42:28.251+0000] {connection.py:329} INFO - Snowflake Connector for Python Version: 3.2.1, Python Version: 3.8.18, Platform: Linux-5.10.102.1-microsoft-standard-WSL2-x86_64-with-glibc2.2.5
[2023-11-01T12:42:28.252+0000] {connection.py:1069} INFO - This connection is in OCSP Fail Open Mode. TLS Certificates would be checked for validity and revocation status. Any other Certificate Revocation related exceptions or OCSP Responder failures would be disregarded in favor of connectivity.
[2023-11-01T12:42:28.253+0000] {connection.py:1087} INFO - Setting use_openssl_only mode to False
[2023-11-01T12:42:28.811+0000] {cursor.py:804} INFO - query: [ALTER SESSION SET autocommit=False]
[2023-11-01T12:42:28.903+0000] {cursor.py:817} INFO - query execution done
[2023-11-01T12:42:28.904+0000] {cursor.py:959} INFO - Number of results in first chunk: 1
[2023-11-01T12:42:28.905+0000] {sql.py:418} INFO - Running statement: USE DATABASE AIRFLOW_NYC_TLC;, parameters: {'role': 'ACCOUNTADMIN', 'warehouse': 'AIRFLOW_TLC_WH'}
[2023-11-01T12:42:28.905+0000] {cursor.py:804} INFO - query: [USE DATABASE AIRFLOW_NYC_TLC;]
[2023-11-01T12:42:28.970+0000] {cursor.py:817} INFO - query execution done
[2023-11-01T12:42:28.971+0000] {cursor.py:959} INFO - Number of results in first chunk: 1
[2023-11-01T12:42:28.972+0000] {sql.py:427} INFO - Rows affected: 1
[2023-11-01T12:42:28.973+0000] {snowflake.py:427} INFO - Rows affected: 1
[2023-11-01T12:42:28.973+0000] {snowflake.py:428} INFO - Snowflake query id: 01b009ba-0302-134c-0000-a7ed00011112
[2023-11-01T12:42:28.974+0000] {sql.py:418} INFO - Running statement: USE SCHEMA Airflow_Yellow_Taxi;, parameters: {'role': 'ACCOUNTADMIN', 'warehouse': 'AIRFLOW_TLC_WH'}
[2023-11-01T12:42:28.975+0000] {cursor.py:804} INFO - query: [USE SCHEMA Airflow_Yellow_Taxi;]
[2023-11-01T12:42:29.036+0000] {cursor.py:817} INFO - query execution done
[2023-11-01T12:42:29.037+0000] {cursor.py:959} INFO - Number of results in first chunk: 1
[2023-11-01T12:42:29.038+0000] {sql.py:427} INFO - Rows affected: 1
[2023-11-01T12:42:29.038+0000] {snowflake.py:427} INFO - Rows affected: 1
[2023-11-01T12:42:29.039+0000] {snowflake.py:428} INFO - Snowflake query id: 01b009ba-0302-134c-0000-a7ed00011116
[2023-11-01T12:42:29.039+0000] {sql.py:418} INFO - Running statement: CREATE OR REPLACE PIPE passenger_count_dim_pipe
                               AUTO_INGEST = TRUE
                               COMMENT = 'Creates a passenger count dimension pipe'
                               AS
                               COPY INTO AIRFLOW_NYC_TLC.Airflow_Yellow_Taxi.passenger_count_dim
                               FROM @***_tlc_aws_s3_stage/passenger_count_dim
                               FILE_FORMAT = (TYPE = 'PARQUET')
                               MATCH_BY_COLUMN_NAME = CASE_INSENSITIVE, parameters: {'role': 'ACCOUNTADMIN', 'warehouse': 'AIRFLOW_TLC_WH'}
[2023-11-01T12:42:29.040+0000] {cursor.py:804} INFO - query: [CREATE OR REPLACE PIPE passenger_count_dim_pipe AUTO_INGEST = TRUE COMMENT = 'Cr...]
[2023-11-01T12:42:29.343+0000] {cursor.py:817} INFO - query execution done
[2023-11-01T12:42:29.344+0000] {cursor.py:959} INFO - Number of results in first chunk: 1
[2023-11-01T12:42:29.345+0000] {sql.py:427} INFO - Rows affected: 1
[2023-11-01T12:42:29.345+0000] {snowflake.py:427} INFO - Rows affected: 1
[2023-11-01T12:42:29.346+0000] {snowflake.py:428} INFO - Snowflake query id: 01b009ba-0302-134c-0000-a7ed0001111e
[2023-11-01T12:42:29.347+0000] {cursor.py:804} INFO - query: [COMMIT]
[2023-11-01T12:42:29.417+0000] {cursor.py:817} INFO - query execution done
[2023-11-01T12:42:29.418+0000] {cursor.py:959} INFO - Number of results in first chunk: 1
[2023-11-01T12:42:29.418+0000] {connection.py:659} INFO - closed
[2023-11-01T12:42:29.443+0000] {connection.py:665} INFO - No async queries seem to be running, deleting session
[2023-11-01T12:42:29.514+0000] {taskinstance.py:1400} INFO - Marking task as SUCCESS. dag_id=Nyc_Yellow_Taxi, task_id=copy_data_into_passenger_count_table, execution_date=20231030T230000, start_date=20231101T124225, end_date=20231101T124229
[2023-11-01T12:42:29.569+0000] {local_task_job_runner.py:228} INFO - Task exited with return code 0
[2023-11-01T12:42:29.707+0000] {taskinstance.py:2778} INFO - 0 downstream tasks scheduled from follow-on schedule check
[2023-11-01T12:43:52.986+0000] {taskinstance.py:1159} INFO - Dependencies all met for dep_context=non-requeueable deps ti=<TaskInstance: Nyc_Yellow_Taxi.copy_data_into_passenger_count_table scheduled__2023-10-30T23:00:00+00:00 [queued]>
[2023-11-01T12:43:53.005+0000] {taskinstance.py:1159} INFO - Dependencies all met for dep_context=requeueable deps ti=<TaskInstance: Nyc_Yellow_Taxi.copy_data_into_passenger_count_table scheduled__2023-10-30T23:00:00+00:00 [queued]>
[2023-11-01T12:43:53.005+0000] {taskinstance.py:1361} INFO - Starting attempt 1 of 1
[2023-11-01T12:43:53.027+0000] {taskinstance.py:1382} INFO - Executing <Task(SQLExecuteQueryOperator): copy_data_into_passenger_count_table> on 2023-10-30 23:00:00+00:00
[2023-11-01T12:43:53.034+0000] {standard_task_runner.py:57} INFO - Started process 395 to run task
[2023-11-01T12:43:53.039+0000] {standard_task_runner.py:84} INFO - Running: ['***', 'tasks', 'run', 'Nyc_Yellow_Taxi', 'copy_data_into_passenger_count_table', 'scheduled__2023-10-30T23:00:00+00:00', '--job-id', '3741', '--raw', '--subdir', 'DAGS_FOLDER/yellow_taxi_etl.py', '--cfg-path', '/tmp/tmpmn_1d1vi']
[2023-11-01T12:43:53.041+0000] {standard_task_runner.py:85} INFO - Job 3741: Subtask copy_data_into_passenger_count_table
[2023-11-01T12:43:53.121+0000] {task_command.py:416} INFO - Running <TaskInstance: Nyc_Yellow_Taxi.copy_data_into_passenger_count_table scheduled__2023-10-30T23:00:00+00:00 [running]> on host 3997903a8e32
[2023-11-01T12:43:53.237+0000] {taskinstance.py:1662} INFO - Exporting env vars: AIRFLOW_CTX_DAG_OWNER='***' AIRFLOW_CTX_DAG_ID='Nyc_Yellow_Taxi' AIRFLOW_CTX_TASK_ID='copy_data_into_passenger_count_table' AIRFLOW_CTX_EXECUTION_DATE='2023-10-30T23:00:00+00:00' AIRFLOW_CTX_TRY_NUMBER='1' AIRFLOW_CTX_DAG_RUN_ID='scheduled__2023-10-30T23:00:00+00:00'
[2023-11-01T12:43:53.239+0000] {sql.py:274} INFO - Executing: 
                               USE DATABASE AIRFLOW_NYC_TLC;
                               USE SCHEMA Airflow_Yellow_Taxi;
                               CREATE OR REPLACE PIPE passenger_count_dim_pipe
                               AUTO_INGEST = TRUE
                               COMMENT = 'Creates a passenger count dimension pipe'
                               AS
                               COPY INTO AIRFLOW_NYC_TLC.Airflow_Yellow_Taxi.passenger_count_dim
                               FROM @***_tlc_aws_s3_stage/passenger_count_dim
                               FILE_FORMAT = (TYPE = 'PARQUET')
                               MATCH_BY_COLUMN_NAME = CASE_INSENSITIVE

                               
[2023-11-01T12:43:53.255+0000] {base.py:73} INFO - Using connection ID 'snowflake_default' for task execution.
[2023-11-01T12:43:54.463+0000] {warnings.py:109} WARNING - /home/***/.local/lib/python3.8/site-packages/snowflake/connector/options.py:103: UserWarning: You have an incompatible version of 'pyarrow' installed (11.0.0), please install a version that adheres to: 'pyarrow<10.1.0,>=10.0.1; extra == "pandas"'
  warn_incompatible_dep(

[2023-11-01T12:43:54.675+0000] {base.py:73} INFO - Using connection ID 'snowflake_default' for task execution.
[2023-11-01T12:43:54.677+0000] {connection.py:329} INFO - Snowflake Connector for Python Version: 3.2.1, Python Version: 3.8.18, Platform: Linux-5.10.102.1-microsoft-standard-WSL2-x86_64-with-glibc2.2.5
[2023-11-01T12:43:54.678+0000] {connection.py:1069} INFO - This connection is in OCSP Fail Open Mode. TLS Certificates would be checked for validity and revocation status. Any other Certificate Revocation related exceptions or OCSP Responder failures would be disregarded in favor of connectivity.
[2023-11-01T12:43:54.678+0000] {connection.py:1087} INFO - Setting use_openssl_only mode to False
[2023-11-01T12:43:55.451+0000] {cursor.py:804} INFO - query: [ALTER SESSION SET autocommit=False]
[2023-11-01T12:43:55.527+0000] {cursor.py:817} INFO - query execution done
[2023-11-01T12:43:55.528+0000] {cursor.py:959} INFO - Number of results in first chunk: 1
[2023-11-01T12:43:55.530+0000] {sql.py:418} INFO - Running statement: USE DATABASE AIRFLOW_NYC_TLC;, parameters: {'role': 'ACCOUNTADMIN', 'warehouse': 'AIRFLOW_TLC_WH'}
[2023-11-01T12:43:55.531+0000] {cursor.py:804} INFO - query: [USE DATABASE AIRFLOW_NYC_TLC;]
[2023-11-01T12:43:55.608+0000] {cursor.py:817} INFO - query execution done
[2023-11-01T12:43:55.609+0000] {cursor.py:959} INFO - Number of results in first chunk: 1
[2023-11-01T12:43:55.609+0000] {sql.py:427} INFO - Rows affected: 1
[2023-11-01T12:43:55.610+0000] {snowflake.py:427} INFO - Rows affected: 1
[2023-11-01T12:43:55.610+0000] {snowflake.py:428} INFO - Snowflake query id: 01b009bb-0302-134c-0000-a7ed0001118a
[2023-11-01T12:43:55.611+0000] {sql.py:418} INFO - Running statement: USE SCHEMA Airflow_Yellow_Taxi;, parameters: {'role': 'ACCOUNTADMIN', 'warehouse': 'AIRFLOW_TLC_WH'}
[2023-11-01T12:43:55.611+0000] {cursor.py:804} INFO - query: [USE SCHEMA Airflow_Yellow_Taxi;]
[2023-11-01T12:43:55.687+0000] {cursor.py:817} INFO - query execution done
[2023-11-01T12:43:55.688+0000] {cursor.py:959} INFO - Number of results in first chunk: 1
[2023-11-01T12:43:55.689+0000] {sql.py:427} INFO - Rows affected: 1
[2023-11-01T12:43:55.690+0000] {snowflake.py:427} INFO - Rows affected: 1
[2023-11-01T12:43:55.690+0000] {snowflake.py:428} INFO - Snowflake query id: 01b009bb-0302-1648-0000-a7ed00012182
[2023-11-01T12:43:55.691+0000] {sql.py:418} INFO - Running statement: CREATE OR REPLACE PIPE passenger_count_dim_pipe
                               AUTO_INGEST = TRUE
                               COMMENT = 'Creates a passenger count dimension pipe'
                               AS
                               COPY INTO AIRFLOW_NYC_TLC.Airflow_Yellow_Taxi.passenger_count_dim
                               FROM @***_tlc_aws_s3_stage/passenger_count_dim
                               FILE_FORMAT = (TYPE = 'PARQUET')
                               MATCH_BY_COLUMN_NAME = CASE_INSENSITIVE, parameters: {'role': 'ACCOUNTADMIN', 'warehouse': 'AIRFLOW_TLC_WH'}
[2023-11-01T12:43:55.692+0000] {cursor.py:804} INFO - query: [CREATE OR REPLACE PIPE passenger_count_dim_pipe AUTO_INGEST = TRUE COMMENT = 'Cr...]
[2023-11-01T12:43:55.889+0000] {cursor.py:817} INFO - query execution done
[2023-11-01T12:43:55.890+0000] {cursor.py:959} INFO - Number of results in first chunk: 1
[2023-11-01T12:43:55.890+0000] {sql.py:427} INFO - Rows affected: 1
[2023-11-01T12:43:55.891+0000] {snowflake.py:427} INFO - Rows affected: 1
[2023-11-01T12:43:55.891+0000] {snowflake.py:428} INFO - Snowflake query id: 01b009bb-0302-134c-0000-a7ed00011196
[2023-11-01T12:43:55.892+0000] {cursor.py:804} INFO - query: [COMMIT]
[2023-11-01T12:43:55.952+0000] {cursor.py:817} INFO - query execution done
[2023-11-01T12:43:55.953+0000] {cursor.py:959} INFO - Number of results in first chunk: 1
[2023-11-01T12:43:55.953+0000] {connection.py:659} INFO - closed
[2023-11-01T12:43:55.982+0000] {connection.py:665} INFO - No async queries seem to be running, deleting session
[2023-11-01T12:43:56.108+0000] {taskinstance.py:1400} INFO - Marking task as SUCCESS. dag_id=Nyc_Yellow_Taxi, task_id=copy_data_into_passenger_count_table, execution_date=20231030T230000, start_date=20231101T124352, end_date=20231101T124356
[2023-11-01T12:43:56.183+0000] {local_task_job_runner.py:228} INFO - Task exited with return code 0
[2023-11-01T12:43:56.255+0000] {taskinstance.py:2778} INFO - 0 downstream tasks scheduled from follow-on schedule check
