[2023-11-01T12:52:48.173+0000] {taskinstance.py:1159} INFO - Dependencies all met for dep_context=non-requeueable deps ti=<TaskInstance: Nyc_Yellow_Taxi.copy_data_into_rate_code_table manual__2023-11-01T12:52:24.186096+00:00 [queued]>
[2023-11-01T12:52:48.188+0000] {taskinstance.py:1159} INFO - Dependencies all met for dep_context=requeueable deps ti=<TaskInstance: Nyc_Yellow_Taxi.copy_data_into_rate_code_table manual__2023-11-01T12:52:24.186096+00:00 [queued]>
[2023-11-01T12:52:48.189+0000] {taskinstance.py:1361} INFO - Starting attempt 1 of 1
[2023-11-01T12:52:48.210+0000] {taskinstance.py:1382} INFO - Executing <Task(SQLExecuteQueryOperator): copy_data_into_rate_code_table> on 2023-11-01 12:52:24.186096+00:00
[2023-11-01T12:52:48.216+0000] {standard_task_runner.py:57} INFO - Started process 715 to run task
[2023-11-01T12:52:48.222+0000] {standard_task_runner.py:84} INFO - Running: ['***', 'tasks', 'run', 'Nyc_Yellow_Taxi', 'copy_data_into_rate_code_table', 'manual__2023-11-01T12:52:24.186096+00:00', '--job-id', '3779', '--raw', '--subdir', 'DAGS_FOLDER/yellow_taxi_etl.py', '--cfg-path', '/tmp/tmpnfbw5ww8']
[2023-11-01T12:52:48.224+0000] {standard_task_runner.py:85} INFO - Job 3779: Subtask copy_data_into_rate_code_table
[2023-11-01T12:52:48.297+0000] {task_command.py:416} INFO - Running <TaskInstance: Nyc_Yellow_Taxi.copy_data_into_rate_code_table manual__2023-11-01T12:52:24.186096+00:00 [running]> on host 3997903a8e32
[2023-11-01T12:52:48.409+0000] {taskinstance.py:1662} INFO - Exporting env vars: AIRFLOW_CTX_DAG_OWNER='***' AIRFLOW_CTX_DAG_ID='Nyc_Yellow_Taxi' AIRFLOW_CTX_TASK_ID='copy_data_into_rate_code_table' AIRFLOW_CTX_EXECUTION_DATE='2023-11-01T12:52:24.186096+00:00' AIRFLOW_CTX_TRY_NUMBER='1' AIRFLOW_CTX_DAG_RUN_ID='manual__2023-11-01T12:52:24.186096+00:00'
[2023-11-01T12:52:48.410+0000] {sql.py:274} INFO - Executing: 
                         USE DATABASE AIRFLOW_NYC_TLC;
                         USE SCHEMA Airflow_Yellow_Taxi;
                         CREATE OR REPLACE PIPE rate_code_dim_pipe
                         AUTO_INGEST = TRUE
                         COMMENT = 'Creates a rate code dimension pipe'
                         AS
                         COPY INTO AIRFLOW_NYC_TLC.Airflow_Yellow_Taxi.rate_code_dim
                         FROM @***_tlc_aws_s3_stage/rate_code_dim
                         FILE_FORMAT = (TYPE = 'PARQUET')
                         MATCH_BY_COLUMN_NAME = CASE_INSENSITIVE
                              
                         
[2023-11-01T12:52:48.424+0000] {base.py:73} INFO - Using connection ID 'snowflake_default' for task execution.
[2023-11-01T12:52:49.503+0000] {warnings.py:109} WARNING - /home/***/.local/lib/python3.8/site-packages/snowflake/connector/options.py:103: UserWarning: You have an incompatible version of 'pyarrow' installed (11.0.0), please install a version that adheres to: 'pyarrow<10.1.0,>=10.0.1; extra == "pandas"'
  warn_incompatible_dep(

[2023-11-01T12:52:49.685+0000] {base.py:73} INFO - Using connection ID 'snowflake_default' for task execution.
[2023-11-01T12:52:49.686+0000] {connection.py:329} INFO - Snowflake Connector for Python Version: 3.2.1, Python Version: 3.8.18, Platform: Linux-5.10.102.1-microsoft-standard-WSL2-x86_64-with-glibc2.2.5
[2023-11-01T12:52:49.687+0000] {connection.py:1069} INFO - This connection is in OCSP Fail Open Mode. TLS Certificates would be checked for validity and revocation status. Any other Certificate Revocation related exceptions or OCSP Responder failures would be disregarded in favor of connectivity.
[2023-11-01T12:52:49.688+0000] {connection.py:1087} INFO - Setting use_openssl_only mode to False
[2023-11-01T12:52:50.220+0000] {cursor.py:804} INFO - query: [ALTER SESSION SET autocommit=False]
[2023-11-01T12:52:50.292+0000] {cursor.py:817} INFO - query execution done
[2023-11-01T12:52:50.292+0000] {cursor.py:959} INFO - Number of results in first chunk: 1
[2023-11-01T12:52:50.293+0000] {sql.py:418} INFO - Running statement: USE DATABASE AIRFLOW_NYC_TLC;, parameters: {'role': 'ACCOUNTADMIN', 'warehouse': 'AIRFLOW_TLC_WH'}
[2023-11-01T12:52:50.294+0000] {cursor.py:804} INFO - query: [USE DATABASE AIRFLOW_NYC_TLC;]
[2023-11-01T12:52:50.365+0000] {cursor.py:817} INFO - query execution done
[2023-11-01T12:52:50.365+0000] {cursor.py:959} INFO - Number of results in first chunk: 1
[2023-11-01T12:52:50.366+0000] {sql.py:427} INFO - Rows affected: 1
[2023-11-01T12:52:50.366+0000] {snowflake.py:427} INFO - Rows affected: 1
[2023-11-01T12:52:50.367+0000] {snowflake.py:428} INFO - Snowflake query id: 01b009c4-0302-1393-0000-0000a7edc9f1
[2023-11-01T12:52:50.367+0000] {sql.py:418} INFO - Running statement: USE SCHEMA Airflow_Yellow_Taxi;, parameters: {'role': 'ACCOUNTADMIN', 'warehouse': 'AIRFLOW_TLC_WH'}
[2023-11-01T12:52:50.368+0000] {cursor.py:804} INFO - query: [USE SCHEMA Airflow_Yellow_Taxi;]
[2023-11-01T12:52:50.427+0000] {cursor.py:817} INFO - query execution done
[2023-11-01T12:52:50.427+0000] {cursor.py:959} INFO - Number of results in first chunk: 1
[2023-11-01T12:52:50.428+0000] {sql.py:427} INFO - Rows affected: 1
[2023-11-01T12:52:50.428+0000] {snowflake.py:427} INFO - Rows affected: 1
[2023-11-01T12:52:50.429+0000] {snowflake.py:428} INFO - Snowflake query id: 01b009c4-0302-132f-0000-a7ed000103d6
[2023-11-01T12:52:50.429+0000] {sql.py:418} INFO - Running statement: CREATE OR REPLACE PIPE rate_code_dim_pipe
                         AUTO_INGEST = TRUE
                         COMMENT = 'Creates a rate code dimension pipe'
                         AS
                         COPY INTO AIRFLOW_NYC_TLC.Airflow_Yellow_Taxi.rate_code_dim
                         FROM @***_tlc_aws_s3_stage/rate_code_dim
                         FILE_FORMAT = (TYPE = 'PARQUET')
                         MATCH_BY_COLUMN_NAME = CASE_INSENSITIVE, parameters: {'role': 'ACCOUNTADMIN', 'warehouse': 'AIRFLOW_TLC_WH'}
[2023-11-01T12:52:50.429+0000] {cursor.py:804} INFO - query: [CREATE OR REPLACE PIPE rate_code_dim_pipe AUTO_INGEST = TRUE COMMENT = 'Creates ...]
[2023-11-01T12:52:50.763+0000] {cursor.py:817} INFO - query execution done
[2023-11-01T12:52:50.764+0000] {cursor.py:959} INFO - Number of results in first chunk: 1
[2023-11-01T12:52:50.764+0000] {sql.py:427} INFO - Rows affected: 1
[2023-11-01T12:52:50.765+0000] {snowflake.py:427} INFO - Rows affected: 1
[2023-11-01T12:52:50.765+0000] {snowflake.py:428} INFO - Snowflake query id: 01b009c4-0302-1393-0000-0000a7edca05
[2023-11-01T12:52:50.766+0000] {cursor.py:804} INFO - query: [COMMIT]
[2023-11-01T12:52:50.830+0000] {cursor.py:817} INFO - query execution done
[2023-11-01T12:52:50.831+0000] {cursor.py:959} INFO - Number of results in first chunk: 1
[2023-11-01T12:52:50.832+0000] {connection.py:659} INFO - closed
[2023-11-01T12:52:50.862+0000] {connection.py:665} INFO - No async queries seem to be running, deleting session
[2023-11-01T12:52:50.929+0000] {taskinstance.py:1400} INFO - Marking task as SUCCESS. dag_id=Nyc_Yellow_Taxi, task_id=copy_data_into_rate_code_table, execution_date=20231101T125224, start_date=20231101T125248, end_date=20231101T125250
[2023-11-01T12:52:50.964+0000] {local_task_job_runner.py:228} INFO - Task exited with return code 0
[2023-11-01T12:52:51.136+0000] {taskinstance.py:2778} INFO - 0 downstream tasks scheduled from follow-on schedule check
