[2023-11-01T12:52:48.160+0000] {taskinstance.py:1159} INFO - Dependencies all met for dep_context=non-requeueable deps ti=<TaskInstance: Nyc_Yellow_Taxi.copy_data_into_trip_distance_table manual__2023-11-01T12:52:24.186096+00:00 [queued]>
[2023-11-01T12:52:48.174+0000] {taskinstance.py:1159} INFO - Dependencies all met for dep_context=requeueable deps ti=<TaskInstance: Nyc_Yellow_Taxi.copy_data_into_trip_distance_table manual__2023-11-01T12:52:24.186096+00:00 [queued]>
[2023-11-01T12:52:48.175+0000] {taskinstance.py:1361} INFO - Starting attempt 1 of 1
[2023-11-01T12:52:48.191+0000] {taskinstance.py:1382} INFO - Executing <Task(SQLExecuteQueryOperator): copy_data_into_trip_distance_table> on 2023-11-01 12:52:24.186096+00:00
[2023-11-01T12:52:48.197+0000] {standard_task_runner.py:57} INFO - Started process 711 to run task
[2023-11-01T12:52:48.203+0000] {standard_task_runner.py:84} INFO - Running: ['***', 'tasks', 'run', 'Nyc_Yellow_Taxi', 'copy_data_into_trip_distance_table', 'manual__2023-11-01T12:52:24.186096+00:00', '--job-id', '3776', '--raw', '--subdir', 'DAGS_FOLDER/yellow_taxi_etl.py', '--cfg-path', '/tmp/tmpcb_qoyin']
[2023-11-01T12:52:48.205+0000] {standard_task_runner.py:85} INFO - Job 3776: Subtask copy_data_into_trip_distance_table
[2023-11-01T12:52:48.277+0000] {task_command.py:416} INFO - Running <TaskInstance: Nyc_Yellow_Taxi.copy_data_into_trip_distance_table manual__2023-11-01T12:52:24.186096+00:00 [running]> on host 3997903a8e32
[2023-11-01T12:52:48.387+0000] {taskinstance.py:1662} INFO - Exporting env vars: AIRFLOW_CTX_DAG_OWNER='***' AIRFLOW_CTX_DAG_ID='Nyc_Yellow_Taxi' AIRFLOW_CTX_TASK_ID='copy_data_into_trip_distance_table' AIRFLOW_CTX_EXECUTION_DATE='2023-11-01T12:52:24.186096+00:00' AIRFLOW_CTX_TRY_NUMBER='1' AIRFLOW_CTX_DAG_RUN_ID='manual__2023-11-01T12:52:24.186096+00:00'
[2023-11-01T12:52:48.388+0000] {sql.py:274} INFO - Executing: 
                             USE DATABASE AIRFLOW_NYC_TLC;
                             USE SCHEMA Airflow_Yellow_Taxi;
                             CREATE OR REPLACE PIPE trip_distance_dim_pipe
                             AUTO_INGEST = TRUE
                             COMMENT = 'Creates a trip distance dimension pipe'
                             AS
                             COPY INTO AIRFLOW_NYC_TLC.Airflow_Yellow_Taxi.trip_distance_dim
                             FROM @***_tlc_aws_s3_stage/trip_distance_dim
                             FILE_FORMAT = (TYPE = 'PARQUET')
                             MATCH_BY_COLUMN_NAME = CASE_INSENSITIVE

                             
[2023-11-01T12:52:48.402+0000] {base.py:73} INFO - Using connection ID 'snowflake_default' for task execution.
[2023-11-01T12:52:49.512+0000] {warnings.py:109} WARNING - /home/***/.local/lib/python3.8/site-packages/snowflake/connector/options.py:103: UserWarning: You have an incompatible version of 'pyarrow' installed (11.0.0), please install a version that adheres to: 'pyarrow<10.1.0,>=10.0.1; extra == "pandas"'
  warn_incompatible_dep(

[2023-11-01T12:52:49.674+0000] {base.py:73} INFO - Using connection ID 'snowflake_default' for task execution.
[2023-11-01T12:52:49.675+0000] {connection.py:329} INFO - Snowflake Connector for Python Version: 3.2.1, Python Version: 3.8.18, Platform: Linux-5.10.102.1-microsoft-standard-WSL2-x86_64-with-glibc2.2.5
[2023-11-01T12:52:49.675+0000] {connection.py:1069} INFO - This connection is in OCSP Fail Open Mode. TLS Certificates would be checked for validity and revocation status. Any other Certificate Revocation related exceptions or OCSP Responder failures would be disregarded in favor of connectivity.
[2023-11-01T12:52:49.676+0000] {connection.py:1087} INFO - Setting use_openssl_only mode to False
[2023-11-01T12:52:50.187+0000] {cursor.py:804} INFO - query: [ALTER SESSION SET autocommit=False]
[2023-11-01T12:52:50.260+0000] {cursor.py:817} INFO - query execution done
[2023-11-01T12:52:50.260+0000] {cursor.py:959} INFO - Number of results in first chunk: 1
[2023-11-01T12:52:50.261+0000] {sql.py:418} INFO - Running statement: USE DATABASE AIRFLOW_NYC_TLC;, parameters: {'role': 'ACCOUNTADMIN', 'warehouse': 'AIRFLOW_TLC_WH'}
[2023-11-01T12:52:50.262+0000] {cursor.py:804} INFO - query: [USE DATABASE AIRFLOW_NYC_TLC;]
[2023-11-01T12:52:50.337+0000] {cursor.py:817} INFO - query execution done
[2023-11-01T12:52:50.338+0000] {cursor.py:959} INFO - Number of results in first chunk: 1
[2023-11-01T12:52:50.338+0000] {sql.py:427} INFO - Rows affected: 1
[2023-11-01T12:52:50.339+0000] {snowflake.py:427} INFO - Rows affected: 1
[2023-11-01T12:52:50.339+0000] {snowflake.py:428} INFO - Snowflake query id: 01b009c4-0302-15cc-0000-0000a7edea89
[2023-11-01T12:52:50.340+0000] {sql.py:418} INFO - Running statement: USE SCHEMA Airflow_Yellow_Taxi;, parameters: {'role': 'ACCOUNTADMIN', 'warehouse': 'AIRFLOW_TLC_WH'}
[2023-11-01T12:52:50.340+0000] {cursor.py:804} INFO - query: [USE SCHEMA Airflow_Yellow_Taxi;]
[2023-11-01T12:52:50.405+0000] {cursor.py:817} INFO - query execution done
[2023-11-01T12:52:50.405+0000] {cursor.py:959} INFO - Number of results in first chunk: 1
[2023-11-01T12:52:50.406+0000] {sql.py:427} INFO - Rows affected: 1
[2023-11-01T12:52:50.406+0000] {snowflake.py:427} INFO - Rows affected: 1
[2023-11-01T12:52:50.407+0000] {snowflake.py:428} INFO - Snowflake query id: 01b009c4-0302-1393-0000-0000a7edc9f9
[2023-11-01T12:52:50.407+0000] {sql.py:418} INFO - Running statement: CREATE OR REPLACE PIPE trip_distance_dim_pipe
                             AUTO_INGEST = TRUE
                             COMMENT = 'Creates a trip distance dimension pipe'
                             AS
                             COPY INTO AIRFLOW_NYC_TLC.Airflow_Yellow_Taxi.trip_distance_dim
                             FROM @***_tlc_aws_s3_stage/trip_distance_dim
                             FILE_FORMAT = (TYPE = 'PARQUET')
                             MATCH_BY_COLUMN_NAME = CASE_INSENSITIVE, parameters: {'role': 'ACCOUNTADMIN', 'warehouse': 'AIRFLOW_TLC_WH'}
[2023-11-01T12:52:50.408+0000] {cursor.py:804} INFO - query: [CREATE OR REPLACE PIPE trip_distance_dim_pipe AUTO_INGEST = TRUE COMMENT = 'Crea...]
[2023-11-01T12:52:50.707+0000] {cursor.py:817} INFO - query execution done
[2023-11-01T12:52:50.708+0000] {cursor.py:959} INFO - Number of results in first chunk: 1
[2023-11-01T12:52:50.708+0000] {sql.py:427} INFO - Rows affected: 1
[2023-11-01T12:52:50.709+0000] {snowflake.py:427} INFO - Rows affected: 1
[2023-11-01T12:52:50.709+0000] {snowflake.py:428} INFO - Snowflake query id: 01b009c4-0302-132f-0000-a7ed000103de
[2023-11-01T12:52:50.710+0000] {cursor.py:804} INFO - query: [COMMIT]
[2023-11-01T12:52:50.762+0000] {cursor.py:817} INFO - query execution done
[2023-11-01T12:52:50.762+0000] {cursor.py:959} INFO - Number of results in first chunk: 1
[2023-11-01T12:52:50.763+0000] {connection.py:659} INFO - closed
[2023-11-01T12:52:50.790+0000] {connection.py:665} INFO - No async queries seem to be running, deleting session
[2023-11-01T12:52:50.858+0000] {taskinstance.py:1400} INFO - Marking task as SUCCESS. dag_id=Nyc_Yellow_Taxi, task_id=copy_data_into_trip_distance_table, execution_date=20231101T125224, start_date=20231101T125248, end_date=20231101T125250
[2023-11-01T12:52:50.905+0000] {local_task_job_runner.py:228} INFO - Task exited with return code 0
[2023-11-01T12:52:51.063+0000] {taskinstance.py:2778} INFO - 0 downstream tasks scheduled from follow-on schedule check
