[2023-11-01T12:42:03.588+0000] {taskinstance.py:1159} INFO - Dependencies all met for dep_context=non-requeueable deps ti=<TaskInstance: Nyc_Yellow_Taxi.create_schema scheduled__2023-10-30T23:00:00+00:00 [queued]>
[2023-11-01T12:42:03.600+0000] {taskinstance.py:1159} INFO - Dependencies all met for dep_context=requeueable deps ti=<TaskInstance: Nyc_Yellow_Taxi.create_schema scheduled__2023-10-30T23:00:00+00:00 [queued]>
[2023-11-01T12:42:03.601+0000] {taskinstance.py:1361} INFO - Starting attempt 1 of 1
[2023-11-01T12:42:03.616+0000] {taskinstance.py:1382} INFO - Executing <Task(SQLExecuteQueryOperator): create_schema> on 2023-10-30 23:00:00+00:00
[2023-11-01T12:42:03.619+0000] {standard_task_runner.py:57} INFO - Started process 73 to run task
[2023-11-01T12:42:03.622+0000] {standard_task_runner.py:84} INFO - Running: ['***', 'tasks', 'run', 'Nyc_Yellow_Taxi', 'create_schema', 'scheduled__2023-10-30T23:00:00+00:00', '--job-id', '3694', '--raw', '--subdir', 'DAGS_FOLDER/yellow_taxi_etl.py', '--cfg-path', '/tmp/tmpqmvp76q7']
[2023-11-01T12:42:03.624+0000] {standard_task_runner.py:85} INFO - Job 3694: Subtask create_schema
[2023-11-01T12:42:03.664+0000] {task_command.py:416} INFO - Running <TaskInstance: Nyc_Yellow_Taxi.create_schema scheduled__2023-10-30T23:00:00+00:00 [running]> on host 3997903a8e32
[2023-11-01T12:42:03.727+0000] {taskinstance.py:1662} INFO - Exporting env vars: AIRFLOW_CTX_DAG_OWNER='***' AIRFLOW_CTX_DAG_ID='Nyc_Yellow_Taxi' AIRFLOW_CTX_TASK_ID='create_schema' AIRFLOW_CTX_EXECUTION_DATE='2023-10-30T23:00:00+00:00' AIRFLOW_CTX_TRY_NUMBER='1' AIRFLOW_CTX_DAG_RUN_ID='scheduled__2023-10-30T23:00:00+00:00'
[2023-11-01T12:42:03.728+0000] {sql.py:274} INFO - Executing: 
                        USE DATABASE AIRFLOW_NYC_TLC;
                        CREATE OR REPLACE SCHEMA Airflow_Yellow_Taxi
                        DATA_RETENTION_TIME_IN_DAYS = 90
                        COMMENT = 'Yellow Taxi'

                        
[2023-11-01T12:42:03.736+0000] {base.py:73} INFO - Using connection ID 'snowflake_default' for task execution.
[2023-11-01T12:42:04.317+0000] {warnings.py:109} WARNING - /home/***/.local/lib/python3.8/site-packages/snowflake/connector/options.py:103: UserWarning: You have an incompatible version of 'pyarrow' installed (11.0.0), please install a version that adheres to: 'pyarrow<10.1.0,>=10.0.1; extra == "pandas"'
  warn_incompatible_dep(

[2023-11-01T12:42:04.457+0000] {base.py:73} INFO - Using connection ID 'snowflake_default' for task execution.
[2023-11-01T12:42:04.457+0000] {connection.py:329} INFO - Snowflake Connector for Python Version: 3.2.1, Python Version: 3.8.18, Platform: Linux-5.10.102.1-microsoft-standard-WSL2-x86_64-with-glibc2.2.5
[2023-11-01T12:42:04.458+0000] {connection.py:1069} INFO - This connection is in OCSP Fail Open Mode. TLS Certificates would be checked for validity and revocation status. Any other Certificate Revocation related exceptions or OCSP Responder failures would be disregarded in favor of connectivity.
[2023-11-01T12:42:04.458+0000] {connection.py:1087} INFO - Setting use_openssl_only mode to False
[2023-11-01T12:42:05.262+0000] {cursor.py:804} INFO - query: [ALTER SESSION SET autocommit=False]
[2023-11-01T12:42:05.359+0000] {cursor.py:817} INFO - query execution done
[2023-11-01T12:42:05.360+0000] {cursor.py:959} INFO - Number of results in first chunk: 1
[2023-11-01T12:42:05.362+0000] {sql.py:418} INFO - Running statement: USE DATABASE AIRFLOW_NYC_TLC;, parameters: {'role': 'ACCOUNTADMIN', 'warehouse': 'AIRFLOW_TLC_WH'}
[2023-11-01T12:42:05.362+0000] {cursor.py:804} INFO - query: [USE DATABASE AIRFLOW_NYC_TLC;]
[2023-11-01T12:42:05.468+0000] {cursor.py:817} INFO - query execution done
[2023-11-01T12:42:05.469+0000] {cursor.py:959} INFO - Number of results in first chunk: 1
[2023-11-01T12:42:05.470+0000] {sql.py:427} INFO - Rows affected: 1
[2023-11-01T12:42:05.470+0000] {snowflake.py:427} INFO - Rows affected: 1
[2023-11-01T12:42:05.471+0000] {snowflake.py:428} INFO - Snowflake query id: 01b009ba-0302-15cc-0000-0000a7ede941
[2023-11-01T12:42:05.472+0000] {sql.py:418} INFO - Running statement: CREATE OR REPLACE SCHEMA Airflow_Yellow_Taxi
                        DATA_RETENTION_TIME_IN_DAYS = 90
                        COMMENT = 'Yellow Taxi', parameters: {'role': 'ACCOUNTADMIN', 'warehouse': 'AIRFLOW_TLC_WH'}
[2023-11-01T12:42:05.472+0000] {cursor.py:804} INFO - query: [CREATE OR REPLACE SCHEMA Airflow_Yellow_Taxi DATA_RETENTION_TIME_IN_DAYS = 90 CO...]
[2023-11-01T12:42:05.585+0000] {cursor.py:817} INFO - query execution done
[2023-11-01T12:42:05.586+0000] {cursor.py:959} INFO - Number of results in first chunk: 1
[2023-11-01T12:42:05.587+0000] {sql.py:427} INFO - Rows affected: 1
[2023-11-01T12:42:05.588+0000] {snowflake.py:427} INFO - Rows affected: 1
[2023-11-01T12:42:05.588+0000] {snowflake.py:428} INFO - Snowflake query id: 01b009ba-0302-1393-0000-0000a7edc8a1
[2023-11-01T12:42:05.589+0000] {cursor.py:804} INFO - query: [COMMIT]
[2023-11-01T12:42:05.651+0000] {cursor.py:817} INFO - query execution done
[2023-11-01T12:42:05.652+0000] {cursor.py:959} INFO - Number of results in first chunk: 1
[2023-11-01T12:42:05.653+0000] {connection.py:659} INFO - closed
[2023-11-01T12:42:05.686+0000] {connection.py:665} INFO - No async queries seem to be running, deleting session
[2023-11-01T12:42:05.748+0000] {taskinstance.py:1400} INFO - Marking task as SUCCESS. dag_id=Nyc_Yellow_Taxi, task_id=create_schema, execution_date=20231030T230000, start_date=20231101T124203, end_date=20231101T124205
[2023-11-01T12:42:05.804+0000] {local_task_job_runner.py:228} INFO - Task exited with return code 0
[2023-11-01T12:42:05.874+0000] {taskinstance.py:2778} INFO - 0 downstream tasks scheduled from follow-on schedule check
[2023-11-01T12:43:34.460+0000] {taskinstance.py:1159} INFO - Dependencies all met for dep_context=non-requeueable deps ti=<TaskInstance: Nyc_Yellow_Taxi.create_schema scheduled__2023-10-30T23:00:00+00:00 [queued]>
[2023-11-01T12:43:34.469+0000] {taskinstance.py:1159} INFO - Dependencies all met for dep_context=requeueable deps ti=<TaskInstance: Nyc_Yellow_Taxi.create_schema scheduled__2023-10-30T23:00:00+00:00 [queued]>
[2023-11-01T12:43:34.469+0000] {taskinstance.py:1361} INFO - Starting attempt 1 of 1
[2023-11-01T12:43:34.482+0000] {taskinstance.py:1382} INFO - Executing <Task(SQLExecuteQueryOperator): create_schema> on 2023-10-30 23:00:00+00:00
[2023-11-01T12:43:34.487+0000] {standard_task_runner.py:57} INFO - Started process 237 to run task
[2023-11-01T12:43:34.491+0000] {standard_task_runner.py:84} INFO - Running: ['***', 'tasks', 'run', 'Nyc_Yellow_Taxi', 'create_schema', 'scheduled__2023-10-30T23:00:00+00:00', '--job-id', '3717', '--raw', '--subdir', 'DAGS_FOLDER/yellow_taxi_etl.py', '--cfg-path', '/tmp/tmpg9qjj8s_']
[2023-11-01T12:43:34.492+0000] {standard_task_runner.py:85} INFO - Job 3717: Subtask create_schema
[2023-11-01T12:43:34.606+0000] {task_command.py:416} INFO - Running <TaskInstance: Nyc_Yellow_Taxi.create_schema scheduled__2023-10-30T23:00:00+00:00 [running]> on host 3997903a8e32
[2023-11-01T12:43:34.688+0000] {taskinstance.py:1662} INFO - Exporting env vars: AIRFLOW_CTX_DAG_OWNER='***' AIRFLOW_CTX_DAG_ID='Nyc_Yellow_Taxi' AIRFLOW_CTX_TASK_ID='create_schema' AIRFLOW_CTX_EXECUTION_DATE='2023-10-30T23:00:00+00:00' AIRFLOW_CTX_TRY_NUMBER='1' AIRFLOW_CTX_DAG_RUN_ID='scheduled__2023-10-30T23:00:00+00:00'
[2023-11-01T12:43:34.689+0000] {sql.py:274} INFO - Executing: 
                        USE DATABASE AIRFLOW_NYC_TLC;
                        CREATE OR REPLACE SCHEMA Airflow_Yellow_Taxi
                        DATA_RETENTION_TIME_IN_DAYS = 90
                        COMMENT = 'Yellow Taxi'

                        
[2023-11-01T12:43:34.701+0000] {base.py:73} INFO - Using connection ID 'snowflake_default' for task execution.
[2023-11-01T12:43:35.310+0000] {warnings.py:109} WARNING - /home/***/.local/lib/python3.8/site-packages/snowflake/connector/options.py:103: UserWarning: You have an incompatible version of 'pyarrow' installed (11.0.0), please install a version that adheres to: 'pyarrow<10.1.0,>=10.0.1; extra == "pandas"'
  warn_incompatible_dep(

[2023-11-01T12:43:35.430+0000] {base.py:73} INFO - Using connection ID 'snowflake_default' for task execution.
[2023-11-01T12:43:35.431+0000] {connection.py:329} INFO - Snowflake Connector for Python Version: 3.2.1, Python Version: 3.8.18, Platform: Linux-5.10.102.1-microsoft-standard-WSL2-x86_64-with-glibc2.2.5
[2023-11-01T12:43:35.432+0000] {connection.py:1069} INFO - This connection is in OCSP Fail Open Mode. TLS Certificates would be checked for validity and revocation status. Any other Certificate Revocation related exceptions or OCSP Responder failures would be disregarded in favor of connectivity.
[2023-11-01T12:43:35.432+0000] {connection.py:1087} INFO - Setting use_openssl_only mode to False
[2023-11-01T12:43:35.857+0000] {cursor.py:804} INFO - query: [ALTER SESSION SET autocommit=False]
[2023-11-01T12:43:35.946+0000] {cursor.py:817} INFO - query execution done
[2023-11-01T12:43:35.948+0000] {cursor.py:959} INFO - Number of results in first chunk: 1
[2023-11-01T12:43:35.951+0000] {sql.py:418} INFO - Running statement: USE DATABASE AIRFLOW_NYC_TLC;, parameters: {'role': 'ACCOUNTADMIN', 'warehouse': 'AIRFLOW_TLC_WH'}
[2023-11-01T12:43:35.951+0000] {cursor.py:804} INFO - query: [USE DATABASE AIRFLOW_NYC_TLC;]
[2023-11-01T12:43:36.026+0000] {cursor.py:817} INFO - query execution done
[2023-11-01T12:43:36.027+0000] {cursor.py:959} INFO - Number of results in first chunk: 1
[2023-11-01T12:43:36.027+0000] {sql.py:427} INFO - Rows affected: 1
[2023-11-01T12:43:36.028+0000] {snowflake.py:427} INFO - Rows affected: 1
[2023-11-01T12:43:36.028+0000] {snowflake.py:428} INFO - Snowflake query id: 01b009bb-0302-1648-0000-a7ed00012132
[2023-11-01T12:43:36.029+0000] {sql.py:418} INFO - Running statement: CREATE OR REPLACE SCHEMA Airflow_Yellow_Taxi
                        DATA_RETENTION_TIME_IN_DAYS = 90
                        COMMENT = 'Yellow Taxi', parameters: {'role': 'ACCOUNTADMIN', 'warehouse': 'AIRFLOW_TLC_WH'}
[2023-11-01T12:43:36.029+0000] {cursor.py:804} INFO - query: [CREATE OR REPLACE SCHEMA Airflow_Yellow_Taxi DATA_RETENTION_TIME_IN_DAYS = 90 CO...]
[2023-11-01T12:43:36.340+0000] {cursor.py:817} INFO - query execution done
[2023-11-01T12:43:36.341+0000] {cursor.py:959} INFO - Number of results in first chunk: 1
[2023-11-01T12:43:36.341+0000] {sql.py:427} INFO - Rows affected: 1
[2023-11-01T12:43:36.341+0000] {snowflake.py:427} INFO - Rows affected: 1
[2023-11-01T12:43:36.342+0000] {snowflake.py:428} INFO - Snowflake query id: 01b009bb-0302-134c-0000-a7ed0001112e
[2023-11-01T12:43:36.342+0000] {cursor.py:804} INFO - query: [COMMIT]
[2023-11-01T12:43:36.422+0000] {cursor.py:817} INFO - query execution done
[2023-11-01T12:43:36.422+0000] {cursor.py:959} INFO - Number of results in first chunk: 1
[2023-11-01T12:43:36.423+0000] {connection.py:659} INFO - closed
[2023-11-01T12:43:36.455+0000] {connection.py:665} INFO - No async queries seem to be running, deleting session
[2023-11-01T12:43:36.511+0000] {taskinstance.py:1400} INFO - Marking task as SUCCESS. dag_id=Nyc_Yellow_Taxi, task_id=create_schema, execution_date=20231030T230000, start_date=20231101T124334, end_date=20231101T124336
[2023-11-01T12:43:36.552+0000] {local_task_job_runner.py:228} INFO - Task exited with return code 0
[2023-11-01T12:43:36.614+0000] {taskinstance.py:2778} INFO - 7 downstream tasks scheduled from follow-on schedule check
