[2023-11-01T12:42:06.532+0000] {taskinstance.py:1159} INFO - Dependencies all met for dep_context=non-requeueable deps ti=<TaskInstance: Nyc_Yellow_Taxi.create_pickup_location_table scheduled__2023-10-30T23:00:00+00:00 [queued]>
[2023-11-01T12:42:06.551+0000] {taskinstance.py:1159} INFO - Dependencies all met for dep_context=requeueable deps ti=<TaskInstance: Nyc_Yellow_Taxi.create_pickup_location_table scheduled__2023-10-30T23:00:00+00:00 [queued]>
[2023-11-01T12:42:06.551+0000] {taskinstance.py:1361} INFO - Starting attempt 1 of 1
[2023-11-01T12:42:06.570+0000] {taskinstance.py:1382} INFO - Executing <Task(SQLExecuteQueryOperator): create_pickup_location_table> on 2023-10-30 23:00:00+00:00
[2023-11-01T12:42:06.575+0000] {standard_task_runner.py:57} INFO - Started process 87 to run task
[2023-11-01T12:42:06.596+0000] {standard_task_runner.py:84} INFO - Running: ['***', 'tasks', 'run', 'Nyc_Yellow_Taxi', 'create_pickup_location_table', 'scheduled__2023-10-30T23:00:00+00:00', '--job-id', '3698', '--raw', '--subdir', 'DAGS_FOLDER/yellow_taxi_etl.py', '--cfg-path', '/tmp/tmpmyd4lwn_']
[2023-11-01T12:42:06.608+0000] {standard_task_runner.py:85} INFO - Job 3698: Subtask create_pickup_location_table
[2023-11-01T12:42:06.957+0000] {task_command.py:416} INFO - Running <TaskInstance: Nyc_Yellow_Taxi.create_pickup_location_table scheduled__2023-10-30T23:00:00+00:00 [running]> on host 3997903a8e32
[2023-11-01T12:42:07.119+0000] {taskinstance.py:1662} INFO - Exporting env vars: AIRFLOW_CTX_DAG_OWNER='***' AIRFLOW_CTX_DAG_ID='Nyc_Yellow_Taxi' AIRFLOW_CTX_TASK_ID='create_pickup_location_table' AIRFLOW_CTX_EXECUTION_DATE='2023-10-30T23:00:00+00:00' AIRFLOW_CTX_TRY_NUMBER='1' AIRFLOW_CTX_DAG_RUN_ID='scheduled__2023-10-30T23:00:00+00:00'
[2023-11-01T12:42:07.120+0000] {sql.py:274} INFO - Executing: 
                               USE DATABASE AIRFLOW_NYC_TLC;
                               USE SCHEMA Airflow_Yellow_Taxi;
                               CREATE OR REPLACE TABLE pickup_location_dim (
                                                                                 pickup_location_id INT PRIMARY KEY,
                                                                                 PULocationID INT,
                                                                                 Borough TEXT,
                                                                                 Zone TEXT,
                                                                                 service_zone TEXT
                                                                               )
                               STAGE_FILE_FORMAT = (TYPE = 'PARQUET')
                               COMMENT = 'create pickup location dimension'

                              
[2023-11-01T12:42:07.155+0000] {base.py:73} INFO - Using connection ID 'snowflake_default' for task execution.
[2023-11-01T12:42:10.877+0000] {warnings.py:109} WARNING - /home/***/.local/lib/python3.8/site-packages/snowflake/connector/options.py:103: UserWarning: You have an incompatible version of 'pyarrow' installed (11.0.0), please install a version that adheres to: 'pyarrow<10.1.0,>=10.0.1; extra == "pandas"'
  warn_incompatible_dep(

[2023-11-01T12:42:11.170+0000] {base.py:73} INFO - Using connection ID 'snowflake_default' for task execution.
[2023-11-01T12:42:11.172+0000] {connection.py:329} INFO - Snowflake Connector for Python Version: 3.2.1, Python Version: 3.8.18, Platform: Linux-5.10.102.1-microsoft-standard-WSL2-x86_64-with-glibc2.2.5
[2023-11-01T12:42:11.173+0000] {connection.py:1069} INFO - This connection is in OCSP Fail Open Mode. TLS Certificates would be checked for validity and revocation status. Any other Certificate Revocation related exceptions or OCSP Responder failures would be disregarded in favor of connectivity.
[2023-11-01T12:42:11.173+0000] {connection.py:1087} INFO - Setting use_openssl_only mode to False
[2023-11-01T12:42:11.809+0000] {cursor.py:804} INFO - query: [ALTER SESSION SET autocommit=False]
[2023-11-01T12:42:11.935+0000] {cursor.py:817} INFO - query execution done
[2023-11-01T12:42:11.936+0000] {cursor.py:959} INFO - Number of results in first chunk: 1
[2023-11-01T12:42:11.939+0000] {sql.py:418} INFO - Running statement: USE DATABASE AIRFLOW_NYC_TLC;, parameters: {'role': 'ACCOUNTADMIN', 'warehouse': 'AIRFLOW_TLC_WH'}
[2023-11-01T12:42:11.939+0000] {cursor.py:804} INFO - query: [USE DATABASE AIRFLOW_NYC_TLC;]
[2023-11-01T12:42:12.014+0000] {cursor.py:817} INFO - query execution done
[2023-11-01T12:42:12.015+0000] {cursor.py:959} INFO - Number of results in first chunk: 1
[2023-11-01T12:42:12.016+0000] {sql.py:427} INFO - Rows affected: 1
[2023-11-01T12:42:12.016+0000] {snowflake.py:427} INFO - Rows affected: 1
[2023-11-01T12:42:12.017+0000] {snowflake.py:428} INFO - Snowflake query id: 01b009ba-0302-1393-0000-0000a7edc8ad
[2023-11-01T12:42:12.017+0000] {sql.py:418} INFO - Running statement: USE SCHEMA Airflow_Yellow_Taxi;, parameters: {'role': 'ACCOUNTADMIN', 'warehouse': 'AIRFLOW_TLC_WH'}
[2023-11-01T12:42:12.018+0000] {cursor.py:804} INFO - query: [USE SCHEMA Airflow_Yellow_Taxi;]
[2023-11-01T12:42:12.080+0000] {cursor.py:817} INFO - query execution done
[2023-11-01T12:42:12.081+0000] {cursor.py:959} INFO - Number of results in first chunk: 1
[2023-11-01T12:42:12.082+0000] {sql.py:427} INFO - Rows affected: 1
[2023-11-01T12:42:12.082+0000] {snowflake.py:427} INFO - Rows affected: 1
[2023-11-01T12:42:12.083+0000] {snowflake.py:428} INFO - Snowflake query id: 01b009ba-0302-134c-0000-a7ed000110f2
[2023-11-01T12:42:12.083+0000] {sql.py:418} INFO - Running statement: CREATE OR REPLACE TABLE pickup_location_dim (
                                                                                 pickup_location_id INT PRIMARY KEY,
                                                                                 PULocationID INT,
                                                                                 Borough TEXT,
                                                                                 Zone TEXT,
                                                                                 service_zone TEXT
                                                                               )
                               STAGE_FILE_FORMAT = (TYPE = 'PARQUET')
                               COMMENT = 'create pickup location dimension', parameters: {'role': 'ACCOUNTADMIN', 'warehouse': 'AIRFLOW_TLC_WH'}
[2023-11-01T12:42:12.083+0000] {cursor.py:804} INFO - query: [CREATE OR REPLACE TABLE pickup_location_dim ( pickup_location_id INT PRIMARY KEY...]
[2023-11-01T12:42:12.284+0000] {cursor.py:817} INFO - query execution done
[2023-11-01T12:42:12.285+0000] {cursor.py:959} INFO - Number of results in first chunk: 1
[2023-11-01T12:42:12.285+0000] {sql.py:427} INFO - Rows affected: 1
[2023-11-01T12:42:12.286+0000] {snowflake.py:427} INFO - Rows affected: 1
[2023-11-01T12:42:12.286+0000] {snowflake.py:428} INFO - Snowflake query id: 01b009ba-0302-132f-0000-a7ed000102ae
[2023-11-01T12:42:12.287+0000] {cursor.py:804} INFO - query: [COMMIT]
[2023-11-01T12:42:12.343+0000] {cursor.py:817} INFO - query execution done
[2023-11-01T12:42:12.344+0000] {cursor.py:959} INFO - Number of results in first chunk: 1
[2023-11-01T12:42:12.344+0000] {connection.py:659} INFO - closed
[2023-11-01T12:42:12.377+0000] {connection.py:665} INFO - No async queries seem to be running, deleting session
[2023-11-01T12:42:12.458+0000] {taskinstance.py:1400} INFO - Marking task as SUCCESS. dag_id=Nyc_Yellow_Taxi, task_id=create_pickup_location_table, execution_date=20231030T230000, start_date=20231101T124206, end_date=20231101T124212
[2023-11-01T12:42:12.523+0000] {local_task_job_runner.py:228} INFO - Task exited with return code 0
[2023-11-01T12:42:12.897+0000] {taskinstance.py:2778} INFO - 0 downstream tasks scheduled from follow-on schedule check
[2023-11-01T12:43:37.467+0000] {taskinstance.py:1159} INFO - Dependencies all met for dep_context=non-requeueable deps ti=<TaskInstance: Nyc_Yellow_Taxi.create_pickup_location_table scheduled__2023-10-30T23:00:00+00:00 [queued]>
[2023-11-01T12:43:37.482+0000] {taskinstance.py:1159} INFO - Dependencies all met for dep_context=requeueable deps ti=<TaskInstance: Nyc_Yellow_Taxi.create_pickup_location_table scheduled__2023-10-30T23:00:00+00:00 [queued]>
[2023-11-01T12:43:37.482+0000] {taskinstance.py:1361} INFO - Starting attempt 1 of 1
[2023-11-01T12:43:37.501+0000] {taskinstance.py:1382} INFO - Executing <Task(SQLExecuteQueryOperator): create_pickup_location_table> on 2023-10-30 23:00:00+00:00
[2023-11-01T12:43:37.508+0000] {standard_task_runner.py:57} INFO - Started process 259 to run task
[2023-11-01T12:43:37.514+0000] {standard_task_runner.py:84} INFO - Running: ['***', 'tasks', 'run', 'Nyc_Yellow_Taxi', 'create_pickup_location_table', 'scheduled__2023-10-30T23:00:00+00:00', '--job-id', '3722', '--raw', '--subdir', 'DAGS_FOLDER/yellow_taxi_etl.py', '--cfg-path', '/tmp/tmpk0nxs4t8']
[2023-11-01T12:43:37.516+0000] {standard_task_runner.py:85} INFO - Job 3722: Subtask create_pickup_location_table
[2023-11-01T12:43:37.599+0000] {task_command.py:416} INFO - Running <TaskInstance: Nyc_Yellow_Taxi.create_pickup_location_table scheduled__2023-10-30T23:00:00+00:00 [running]> on host 3997903a8e32
[2023-11-01T12:43:37.705+0000] {taskinstance.py:1662} INFO - Exporting env vars: AIRFLOW_CTX_DAG_OWNER='***' AIRFLOW_CTX_DAG_ID='Nyc_Yellow_Taxi' AIRFLOW_CTX_TASK_ID='create_pickup_location_table' AIRFLOW_CTX_EXECUTION_DATE='2023-10-30T23:00:00+00:00' AIRFLOW_CTX_TRY_NUMBER='1' AIRFLOW_CTX_DAG_RUN_ID='scheduled__2023-10-30T23:00:00+00:00'
[2023-11-01T12:43:37.706+0000] {sql.py:274} INFO - Executing: 
                               USE DATABASE AIRFLOW_NYC_TLC;
                               USE SCHEMA Airflow_Yellow_Taxi;
                               CREATE OR REPLACE TABLE pickup_location_dim (
                                                                                 pickup_location_id INT PRIMARY KEY,
                                                                                 PULocationID INT,
                                                                                 Borough TEXT,
                                                                                 Zone TEXT,
                                                                                 service_zone TEXT
                                                                               )
                               STAGE_FILE_FORMAT = (TYPE = 'PARQUET')
                               COMMENT = 'create pickup location dimension'

                              
[2023-11-01T12:43:37.722+0000] {base.py:73} INFO - Using connection ID 'snowflake_default' for task execution.
[2023-11-01T12:43:38.827+0000] {warnings.py:109} WARNING - /home/***/.local/lib/python3.8/site-packages/snowflake/connector/options.py:103: UserWarning: You have an incompatible version of 'pyarrow' installed (11.0.0), please install a version that adheres to: 'pyarrow<10.1.0,>=10.0.1; extra == "pandas"'
  warn_incompatible_dep(

[2023-11-01T12:43:39.044+0000] {base.py:73} INFO - Using connection ID 'snowflake_default' for task execution.
[2023-11-01T12:43:39.045+0000] {connection.py:329} INFO - Snowflake Connector for Python Version: 3.2.1, Python Version: 3.8.18, Platform: Linux-5.10.102.1-microsoft-standard-WSL2-x86_64-with-glibc2.2.5
[2023-11-01T12:43:39.047+0000] {connection.py:1069} INFO - This connection is in OCSP Fail Open Mode. TLS Certificates would be checked for validity and revocation status. Any other Certificate Revocation related exceptions or OCSP Responder failures would be disregarded in favor of connectivity.
[2023-11-01T12:43:39.047+0000] {connection.py:1087} INFO - Setting use_openssl_only mode to False
[2023-11-01T12:43:39.696+0000] {cursor.py:804} INFO - query: [ALTER SESSION SET autocommit=False]
[2023-11-01T12:43:39.769+0000] {cursor.py:817} INFO - query execution done
[2023-11-01T12:43:39.770+0000] {cursor.py:959} INFO - Number of results in first chunk: 1
[2023-11-01T12:43:39.773+0000] {sql.py:418} INFO - Running statement: USE DATABASE AIRFLOW_NYC_TLC;, parameters: {'role': 'ACCOUNTADMIN', 'warehouse': 'AIRFLOW_TLC_WH'}
[2023-11-01T12:43:39.774+0000] {cursor.py:804} INFO - query: [USE DATABASE AIRFLOW_NYC_TLC;]
[2023-11-01T12:43:39.847+0000] {cursor.py:817} INFO - query execution done
[2023-11-01T12:43:39.848+0000] {cursor.py:959} INFO - Number of results in first chunk: 1
[2023-11-01T12:43:39.848+0000] {sql.py:427} INFO - Rows affected: 1
[2023-11-01T12:43:39.849+0000] {snowflake.py:427} INFO - Rows affected: 1
[2023-11-01T12:43:39.850+0000] {snowflake.py:428} INFO - Snowflake query id: 01b009bb-0302-1648-0000-a7ed00012146
[2023-11-01T12:43:39.850+0000] {sql.py:418} INFO - Running statement: USE SCHEMA Airflow_Yellow_Taxi;, parameters: {'role': 'ACCOUNTADMIN', 'warehouse': 'AIRFLOW_TLC_WH'}
[2023-11-01T12:43:39.851+0000] {cursor.py:804} INFO - query: [USE SCHEMA Airflow_Yellow_Taxi;]
[2023-11-01T12:43:39.925+0000] {cursor.py:817} INFO - query execution done
[2023-11-01T12:43:39.926+0000] {cursor.py:959} INFO - Number of results in first chunk: 1
[2023-11-01T12:43:39.927+0000] {sql.py:427} INFO - Rows affected: 1
[2023-11-01T12:43:39.927+0000] {snowflake.py:427} INFO - Rows affected: 1
[2023-11-01T12:43:39.928+0000] {snowflake.py:428} INFO - Snowflake query id: 01b009bb-0302-15cc-0000-0000a7ede98d
[2023-11-01T12:43:39.928+0000] {sql.py:418} INFO - Running statement: CREATE OR REPLACE TABLE pickup_location_dim (
                                                                                 pickup_location_id INT PRIMARY KEY,
                                                                                 PULocationID INT,
                                                                                 Borough TEXT,
                                                                                 Zone TEXT,
                                                                                 service_zone TEXT
                                                                               )
                               STAGE_FILE_FORMAT = (TYPE = 'PARQUET')
                               COMMENT = 'create pickup location dimension', parameters: {'role': 'ACCOUNTADMIN', 'warehouse': 'AIRFLOW_TLC_WH'}
[2023-11-01T12:43:39.929+0000] {cursor.py:804} INFO - query: [CREATE OR REPLACE TABLE pickup_location_dim ( pickup_location_id INT PRIMARY KEY...]
[2023-11-01T12:43:40.124+0000] {cursor.py:817} INFO - query execution done
[2023-11-01T12:43:40.125+0000] {cursor.py:959} INFO - Number of results in first chunk: 1
[2023-11-01T12:43:40.125+0000] {sql.py:427} INFO - Rows affected: 1
[2023-11-01T12:43:40.126+0000] {snowflake.py:427} INFO - Rows affected: 1
[2023-11-01T12:43:40.126+0000] {snowflake.py:428} INFO - Snowflake query id: 01b009bb-0302-15cc-0000-0000a7ede991
[2023-11-01T12:43:40.127+0000] {cursor.py:804} INFO - query: [COMMIT]
[2023-11-01T12:43:40.176+0000] {cursor.py:817} INFO - query execution done
[2023-11-01T12:43:40.176+0000] {cursor.py:959} INFO - Number of results in first chunk: 1
[2023-11-01T12:43:40.177+0000] {connection.py:659} INFO - closed
[2023-11-01T12:43:40.202+0000] {connection.py:665} INFO - No async queries seem to be running, deleting session
[2023-11-01T12:43:40.283+0000] {taskinstance.py:1400} INFO - Marking task as SUCCESS. dag_id=Nyc_Yellow_Taxi, task_id=create_pickup_location_table, execution_date=20231030T230000, start_date=20231101T124337, end_date=20231101T124340
[2023-11-01T12:43:40.336+0000] {local_task_job_runner.py:228} INFO - Task exited with return code 0
[2023-11-01T12:43:40.468+0000] {taskinstance.py:2778} INFO - 0 downstream tasks scheduled from follow-on schedule check
