[2023-11-01T12:52:32.974+0000] {taskinstance.py:1159} INFO - Dependencies all met for dep_context=non-requeueable deps ti=<TaskInstance: Nyc_Yellow_Taxi.create_rate_code_table manual__2023-11-01T12:52:24.186096+00:00 [queued]>
[2023-11-01T12:52:32.986+0000] {taskinstance.py:1159} INFO - Dependencies all met for dep_context=requeueable deps ti=<TaskInstance: Nyc_Yellow_Taxi.create_rate_code_table manual__2023-11-01T12:52:24.186096+00:00 [queued]>
[2023-11-01T12:52:32.987+0000] {taskinstance.py:1361} INFO - Starting attempt 1 of 1
[2023-11-01T12:52:33.003+0000] {taskinstance.py:1382} INFO - Executing <Task(SQLExecuteQueryOperator): create_rate_code_table> on 2023-11-01 12:52:24.186096+00:00
[2023-11-01T12:52:33.008+0000] {standard_task_runner.py:57} INFO - Started process 643 to run task
[2023-11-01T12:52:33.013+0000] {standard_task_runner.py:84} INFO - Running: ['***', 'tasks', 'run', 'Nyc_Yellow_Taxi', 'create_rate_code_table', 'manual__2023-11-01T12:52:24.186096+00:00', '--job-id', '3762', '--raw', '--subdir', 'DAGS_FOLDER/yellow_taxi_etl.py', '--cfg-path', '/tmp/tmps0vuv8mv']
[2023-11-01T12:52:33.016+0000] {standard_task_runner.py:85} INFO - Job 3762: Subtask create_rate_code_table
[2023-11-01T12:52:33.096+0000] {task_command.py:416} INFO - Running <TaskInstance: Nyc_Yellow_Taxi.create_rate_code_table manual__2023-11-01T12:52:24.186096+00:00 [running]> on host 3997903a8e32
[2023-11-01T12:52:33.200+0000] {taskinstance.py:1662} INFO - Exporting env vars: AIRFLOW_CTX_DAG_OWNER='***' AIRFLOW_CTX_DAG_ID='Nyc_Yellow_Taxi' AIRFLOW_CTX_TASK_ID='create_rate_code_table' AIRFLOW_CTX_EXECUTION_DATE='2023-11-01T12:52:24.186096+00:00' AIRFLOW_CTX_TRY_NUMBER='1' AIRFLOW_CTX_DAG_RUN_ID='manual__2023-11-01T12:52:24.186096+00:00'
[2023-11-01T12:52:33.202+0000] {sql.py:274} INFO - Executing: 
                         USE DATABASE AIRFLOW_NYC_TLC;
                         USE SCHEMA Airflow_Yellow_Taxi;
                         CREATE OR REPLACE TABLE rate_code_dim (
                                                                         rate_code_id INT PRIMARY KEY,
                                                                         RatecodeID INT,
                                                                         rate_code_name TEXT
                                                                       )
                         STAGE_FILE_FORMAT = (TYPE = 'PARQUET')
                         COMMENT = 'create rate code dimension'

                        
[2023-11-01T12:52:33.217+0000] {base.py:73} INFO - Using connection ID 'snowflake_default' for task execution.
[2023-11-01T12:52:34.222+0000] {warnings.py:109} WARNING - /home/***/.local/lib/python3.8/site-packages/snowflake/connector/options.py:103: UserWarning: You have an incompatible version of 'pyarrow' installed (11.0.0), please install a version that adheres to: 'pyarrow<10.1.0,>=10.0.1; extra == "pandas"'
  warn_incompatible_dep(

[2023-11-01T12:52:34.375+0000] {base.py:73} INFO - Using connection ID 'snowflake_default' for task execution.
[2023-11-01T12:52:34.376+0000] {connection.py:329} INFO - Snowflake Connector for Python Version: 3.2.1, Python Version: 3.8.18, Platform: Linux-5.10.102.1-microsoft-standard-WSL2-x86_64-with-glibc2.2.5
[2023-11-01T12:52:34.376+0000] {connection.py:1069} INFO - This connection is in OCSP Fail Open Mode. TLS Certificates would be checked for validity and revocation status. Any other Certificate Revocation related exceptions or OCSP Responder failures would be disregarded in favor of connectivity.
[2023-11-01T12:52:34.377+0000] {connection.py:1087} INFO - Setting use_openssl_only mode to False
[2023-11-01T12:52:34.926+0000] {cursor.py:804} INFO - query: [ALTER SESSION SET autocommit=False]
[2023-11-01T12:52:35.001+0000] {cursor.py:817} INFO - query execution done
[2023-11-01T12:52:35.002+0000] {cursor.py:959} INFO - Number of results in first chunk: 1
[2023-11-01T12:52:35.003+0000] {sql.py:418} INFO - Running statement: USE DATABASE AIRFLOW_NYC_TLC;, parameters: {'role': 'ACCOUNTADMIN', 'warehouse': 'AIRFLOW_TLC_WH'}
[2023-11-01T12:52:35.004+0000] {cursor.py:804} INFO - query: [USE DATABASE AIRFLOW_NYC_TLC;]
[2023-11-01T12:52:35.068+0000] {cursor.py:817} INFO - query execution done
[2023-11-01T12:52:35.069+0000] {cursor.py:959} INFO - Number of results in first chunk: 1
[2023-11-01T12:52:35.070+0000] {sql.py:427} INFO - Rows affected: 1
[2023-11-01T12:52:35.070+0000] {snowflake.py:427} INFO - Rows affected: 1
[2023-11-01T12:52:35.071+0000] {snowflake.py:428} INFO - Snowflake query id: 01b009c4-0302-1648-0000-a7ed000121d6
[2023-11-01T12:52:35.072+0000] {sql.py:418} INFO - Running statement: USE SCHEMA Airflow_Yellow_Taxi;, parameters: {'role': 'ACCOUNTADMIN', 'warehouse': 'AIRFLOW_TLC_WH'}
[2023-11-01T12:52:35.072+0000] {cursor.py:804} INFO - query: [USE SCHEMA Airflow_Yellow_Taxi;]
[2023-11-01T12:52:35.140+0000] {cursor.py:817} INFO - query execution done
[2023-11-01T12:52:35.140+0000] {cursor.py:959} INFO - Number of results in first chunk: 1
[2023-11-01T12:52:35.141+0000] {sql.py:427} INFO - Rows affected: 1
[2023-11-01T12:52:35.141+0000] {snowflake.py:427} INFO - Rows affected: 1
[2023-11-01T12:52:35.142+0000] {snowflake.py:428} INFO - Snowflake query id: 01b009c4-0302-1648-0000-a7ed000121de
[2023-11-01T12:52:35.142+0000] {sql.py:418} INFO - Running statement: CREATE OR REPLACE TABLE rate_code_dim (
                                                                         rate_code_id INT PRIMARY KEY,
                                                                         RatecodeID INT,
                                                                         rate_code_name TEXT
                                                                       )
                         STAGE_FILE_FORMAT = (TYPE = 'PARQUET')
                         COMMENT = 'create rate code dimension', parameters: {'role': 'ACCOUNTADMIN', 'warehouse': 'AIRFLOW_TLC_WH'}
[2023-11-01T12:52:35.143+0000] {cursor.py:804} INFO - query: [CREATE OR REPLACE TABLE rate_code_dim ( rate_code_id INT PRIMARY KEY, RatecodeID...]
[2023-11-01T12:52:35.332+0000] {cursor.py:817} INFO - query execution done
[2023-11-01T12:52:35.333+0000] {cursor.py:959} INFO - Number of results in first chunk: 1
[2023-11-01T12:52:35.334+0000] {sql.py:427} INFO - Rows affected: 1
[2023-11-01T12:52:35.335+0000] {snowflake.py:427} INFO - Rows affected: 1
[2023-11-01T12:52:35.336+0000] {snowflake.py:428} INFO - Snowflake query id: 01b009c4-0302-134c-0000-a7ed000111ee
[2023-11-01T12:52:35.337+0000] {cursor.py:804} INFO - query: [COMMIT]
[2023-11-01T12:52:35.387+0000] {cursor.py:817} INFO - query execution done
[2023-11-01T12:52:35.388+0000] {cursor.py:959} INFO - Number of results in first chunk: 1
[2023-11-01T12:52:35.388+0000] {connection.py:659} INFO - closed
[2023-11-01T12:52:35.417+0000] {connection.py:665} INFO - No async queries seem to be running, deleting session
[2023-11-01T12:52:35.481+0000] {taskinstance.py:1400} INFO - Marking task as SUCCESS. dag_id=Nyc_Yellow_Taxi, task_id=create_rate_code_table, execution_date=20231101T125224, start_date=20231101T125232, end_date=20231101T125235
[2023-11-01T12:52:35.517+0000] {local_task_job_runner.py:228} INFO - Task exited with return code 0
[2023-11-01T12:52:35.584+0000] {taskinstance.py:2778} INFO - 0 downstream tasks scheduled from follow-on schedule check
