[2023-11-01T12:43:51.462+0000] {taskinstance.py:1159} INFO - Dependencies all met for dep_context=non-requeueable deps ti=<TaskInstance: Nyc_Yellow_Taxi.grant_privilege_to_external_storage_integration manual__2023-11-01T12:43:30.220217+00:00 [queued]>
[2023-11-01T12:43:51.474+0000] {taskinstance.py:1159} INFO - Dependencies all met for dep_context=requeueable deps ti=<TaskInstance: Nyc_Yellow_Taxi.grant_privilege_to_external_storage_integration manual__2023-11-01T12:43:30.220217+00:00 [queued]>
[2023-11-01T12:43:51.475+0000] {taskinstance.py:1361} INFO - Starting attempt 1 of 1
[2023-11-01T12:43:51.489+0000] {taskinstance.py:1382} INFO - Executing <Task(SQLExecuteQueryOperator): grant_privilege_to_external_storage_integration> on 2023-11-01 12:43:30.220217+00:00
[2023-11-01T12:43:51.494+0000] {standard_task_runner.py:57} INFO - Started process 382 to run task
[2023-11-01T12:43:51.498+0000] {standard_task_runner.py:84} INFO - Running: ['***', 'tasks', 'run', 'Nyc_Yellow_Taxi', 'grant_privilege_to_external_storage_integration', 'manual__2023-11-01T12:43:30.220217+00:00', '--job-id', '3740', '--raw', '--subdir', 'DAGS_FOLDER/yellow_taxi_etl.py', '--cfg-path', '/tmp/tmpauyitt5j']
[2023-11-01T12:43:51.499+0000] {standard_task_runner.py:85} INFO - Job 3740: Subtask grant_privilege_to_external_storage_integration
[2023-11-01T12:43:51.553+0000] {task_command.py:416} INFO - Running <TaskInstance: Nyc_Yellow_Taxi.grant_privilege_to_external_storage_integration manual__2023-11-01T12:43:30.220217+00:00 [running]> on host 3997903a8e32
[2023-11-01T12:43:51.640+0000] {taskinstance.py:1662} INFO - Exporting env vars: AIRFLOW_CTX_DAG_OWNER='***' AIRFLOW_CTX_DAG_ID='Nyc_Yellow_Taxi' AIRFLOW_CTX_TASK_ID='grant_privilege_to_external_storage_integration' AIRFLOW_CTX_EXECUTION_DATE='2023-11-01T12:43:30.220217+00:00' AIRFLOW_CTX_TRY_NUMBER='1' AIRFLOW_CTX_DAG_RUN_ID='manual__2023-11-01T12:43:30.220217+00:00'
[2023-11-01T12:43:51.641+0000] {sql.py:274} INFO - Executing: 
                            USE DATABASE AIRFLOW_NYC_TLC;
                            GRANT CREATE STAGE ON SCHEMA Airflow_Yellow_Taxi TO ROLE ACCOUNTADMIN;
                            GRANT USAGE ON INTEGRATION ***_tlc_aws_s3_int TO ROLE ACCOUNTADMIN

                            
[2023-11-01T12:43:51.654+0000] {base.py:73} INFO - Using connection ID 'snowflake_default' for task execution.
[2023-11-01T12:43:52.268+0000] {warnings.py:109} WARNING - /home/***/.local/lib/python3.8/site-packages/snowflake/connector/options.py:103: UserWarning: You have an incompatible version of 'pyarrow' installed (11.0.0), please install a version that adheres to: 'pyarrow<10.1.0,>=10.0.1; extra == "pandas"'
  warn_incompatible_dep(

[2023-11-01T12:43:52.463+0000] {base.py:73} INFO - Using connection ID 'snowflake_default' for task execution.
[2023-11-01T12:43:52.464+0000] {connection.py:329} INFO - Snowflake Connector for Python Version: 3.2.1, Python Version: 3.8.18, Platform: Linux-5.10.102.1-microsoft-standard-WSL2-x86_64-with-glibc2.2.5
[2023-11-01T12:43:52.465+0000] {connection.py:1069} INFO - This connection is in OCSP Fail Open Mode. TLS Certificates would be checked for validity and revocation status. Any other Certificate Revocation related exceptions or OCSP Responder failures would be disregarded in favor of connectivity.
[2023-11-01T12:43:52.466+0000] {connection.py:1087} INFO - Setting use_openssl_only mode to False
[2023-11-01T12:43:53.074+0000] {cursor.py:804} INFO - query: [ALTER SESSION SET autocommit=False]
[2023-11-01T12:43:53.174+0000] {cursor.py:817} INFO - query execution done
[2023-11-01T12:43:53.174+0000] {cursor.py:959} INFO - Number of results in first chunk: 1
[2023-11-01T12:43:53.176+0000] {sql.py:418} INFO - Running statement: USE DATABASE AIRFLOW_NYC_TLC;, parameters: {'role': 'ACCOUNTADMIN', 'warehouse': 'AIRFLOW_TLC_WH'}
[2023-11-01T12:43:53.177+0000] {cursor.py:804} INFO - query: [USE DATABASE AIRFLOW_NYC_TLC;]
[2023-11-01T12:43:53.280+0000] {cursor.py:817} INFO - query execution done
[2023-11-01T12:43:53.281+0000] {cursor.py:959} INFO - Number of results in first chunk: 1
[2023-11-01T12:43:53.282+0000] {sql.py:427} INFO - Rows affected: 1
[2023-11-01T12:43:53.283+0000] {snowflake.py:427} INFO - Rows affected: 1
[2023-11-01T12:43:53.284+0000] {snowflake.py:428} INFO - Snowflake query id: 01b009bb-0302-1648-0000-a7ed00012172
[2023-11-01T12:43:53.284+0000] {sql.py:418} INFO - Running statement: GRANT CREATE STAGE ON SCHEMA Airflow_Yellow_Taxi TO ROLE ACCOUNTADMIN;, parameters: {'role': 'ACCOUNTADMIN', 'warehouse': 'AIRFLOW_TLC_WH'}
[2023-11-01T12:43:53.285+0000] {cursor.py:804} INFO - query: [GRANT CREATE STAGE ON SCHEMA Airflow_Yellow_Taxi TO ROLE ACCOUNTADMIN;]
[2023-11-01T12:43:53.347+0000] {cursor.py:817} INFO - query execution done
[2023-11-01T12:43:53.348+0000] {cursor.py:959} INFO - Number of results in first chunk: 1
[2023-11-01T12:43:53.349+0000] {sql.py:427} INFO - Rows affected: 1
[2023-11-01T12:43:53.350+0000] {snowflake.py:427} INFO - Rows affected: 1
[2023-11-01T12:43:53.350+0000] {snowflake.py:428} INFO - Snowflake query id: 01b009bb-0302-132f-0000-a7ed00010356
[2023-11-01T12:43:53.351+0000] {sql.py:418} INFO - Running statement: GRANT USAGE ON INTEGRATION ***_tlc_aws_s3_int TO ROLE ACCOUNTADMIN, parameters: {'role': 'ACCOUNTADMIN', 'warehouse': 'AIRFLOW_TLC_WH'}
[2023-11-01T12:43:53.352+0000] {cursor.py:804} INFO - query: [GRANT USAGE ON INTEGRATION ***_tlc_aws_s3_int TO ROLE ACCOUNTADMIN]
[2023-11-01T12:43:53.402+0000] {cursor.py:817} INFO - query execution done
[2023-11-01T12:43:53.403+0000] {cursor.py:959} INFO - Number of results in first chunk: 1
[2023-11-01T12:43:53.404+0000] {sql.py:427} INFO - Rows affected: 1
[2023-11-01T12:43:53.405+0000] {snowflake.py:427} INFO - Rows affected: 1
[2023-11-01T12:43:53.406+0000] {snowflake.py:428} INFO - Snowflake query id: 01b009bb-0302-132f-0000-a7ed0001035a
[2023-11-01T12:43:53.406+0000] {cursor.py:804} INFO - query: [COMMIT]
[2023-11-01T12:43:53.460+0000] {cursor.py:817} INFO - query execution done
[2023-11-01T12:43:53.461+0000] {cursor.py:959} INFO - Number of results in first chunk: 1
[2023-11-01T12:43:53.461+0000] {connection.py:659} INFO - closed
[2023-11-01T12:43:53.498+0000] {connection.py:665} INFO - No async queries seem to be running, deleting session
[2023-11-01T12:43:53.578+0000] {taskinstance.py:1400} INFO - Marking task as SUCCESS. dag_id=Nyc_Yellow_Taxi, task_id=grant_privilege_to_external_storage_integration, execution_date=20231101T124330, start_date=20231101T124351, end_date=20231101T124353
[2023-11-01T12:43:53.638+0000] {local_task_job_runner.py:228} INFO - Task exited with return code 0
[2023-11-01T12:43:53.784+0000] {taskinstance.py:2778} INFO - 0 downstream tasks scheduled from follow-on schedule check
