[2023-11-01T12:52:48.143+0000] {taskinstance.py:1159} INFO - Dependencies all met for dep_context=non-requeueable deps ti=<TaskInstance: Nyc_Yellow_Taxi.copy_data_into_payment_type_table manual__2023-11-01T12:52:24.186096+00:00 [queued]>
[2023-11-01T12:52:48.158+0000] {taskinstance.py:1159} INFO - Dependencies all met for dep_context=requeueable deps ti=<TaskInstance: Nyc_Yellow_Taxi.copy_data_into_payment_type_table manual__2023-11-01T12:52:24.186096+00:00 [queued]>
[2023-11-01T12:52:48.159+0000] {taskinstance.py:1361} INFO - Starting attempt 1 of 1
[2023-11-01T12:52:48.176+0000] {taskinstance.py:1382} INFO - Executing <Task(SQLExecuteQueryOperator): copy_data_into_payment_type_table> on 2023-11-01 12:52:24.186096+00:00
[2023-11-01T12:52:48.182+0000] {standard_task_runner.py:57} INFO - Started process 709 to run task
[2023-11-01T12:52:48.187+0000] {standard_task_runner.py:84} INFO - Running: ['***', 'tasks', 'run', 'Nyc_Yellow_Taxi', 'copy_data_into_payment_type_table', 'manual__2023-11-01T12:52:24.186096+00:00', '--job-id', '3772', '--raw', '--subdir', 'DAGS_FOLDER/yellow_taxi_etl.py', '--cfg-path', '/tmp/tmp3yhqdzju']
[2023-11-01T12:52:48.188+0000] {standard_task_runner.py:85} INFO - Job 3772: Subtask copy_data_into_payment_type_table
[2023-11-01T12:52:48.262+0000] {task_command.py:416} INFO - Running <TaskInstance: Nyc_Yellow_Taxi.copy_data_into_payment_type_table manual__2023-11-01T12:52:24.186096+00:00 [running]> on host 3997903a8e32
[2023-11-01T12:52:48.377+0000] {taskinstance.py:1662} INFO - Exporting env vars: AIRFLOW_CTX_DAG_OWNER='***' AIRFLOW_CTX_DAG_ID='Nyc_Yellow_Taxi' AIRFLOW_CTX_TASK_ID='copy_data_into_payment_type_table' AIRFLOW_CTX_EXECUTION_DATE='2023-11-01T12:52:24.186096+00:00' AIRFLOW_CTX_TRY_NUMBER='1' AIRFLOW_CTX_DAG_RUN_ID='manual__2023-11-01T12:52:24.186096+00:00'
[2023-11-01T12:52:48.379+0000] {sql.py:274} INFO - Executing: 
                            USE DATABASE AIRFLOW_NYC_TLC;
                            USE SCHEMA Airflow_Yellow_Taxi;
                            CREATE OR REPLACE PIPE payment_type_dim_pipe
                            AUTO_INGEST = TRUE
                            COMMENT = 'Creates a payment type dimension pipe'
                            AS
                            COPY INTO AIRFLOW_NYC_TLC.Airflow_Yellow_Taxi.payment_type_dim
                            FROM @***_tlc_aws_s3_stage/payment_type_dim
                            FILE_FORMAT = (TYPE = 'PARQUET')
                            MATCH_BY_COLUMN_NAME = CASE_INSENSITIVE
                              
                            
[2023-11-01T12:52:48.394+0000] {base.py:73} INFO - Using connection ID 'snowflake_default' for task execution.
[2023-11-01T12:52:49.554+0000] {warnings.py:109} WARNING - /home/***/.local/lib/python3.8/site-packages/snowflake/connector/options.py:103: UserWarning: You have an incompatible version of 'pyarrow' installed (11.0.0), please install a version that adheres to: 'pyarrow<10.1.0,>=10.0.1; extra == "pandas"'
  warn_incompatible_dep(

[2023-11-01T12:52:49.713+0000] {base.py:73} INFO - Using connection ID 'snowflake_default' for task execution.
[2023-11-01T12:52:49.714+0000] {connection.py:329} INFO - Snowflake Connector for Python Version: 3.2.1, Python Version: 3.8.18, Platform: Linux-5.10.102.1-microsoft-standard-WSL2-x86_64-with-glibc2.2.5
[2023-11-01T12:52:49.715+0000] {connection.py:1069} INFO - This connection is in OCSP Fail Open Mode. TLS Certificates would be checked for validity and revocation status. Any other Certificate Revocation related exceptions or OCSP Responder failures would be disregarded in favor of connectivity.
[2023-11-01T12:52:49.715+0000] {connection.py:1087} INFO - Setting use_openssl_only mode to False
[2023-11-01T12:52:50.218+0000] {cursor.py:804} INFO - query: [ALTER SESSION SET autocommit=False]
[2023-11-01T12:52:50.290+0000] {cursor.py:817} INFO - query execution done
[2023-11-01T12:52:50.291+0000] {cursor.py:959} INFO - Number of results in first chunk: 1
[2023-11-01T12:52:50.292+0000] {sql.py:418} INFO - Running statement: USE DATABASE AIRFLOW_NYC_TLC;, parameters: {'role': 'ACCOUNTADMIN', 'warehouse': 'AIRFLOW_TLC_WH'}
[2023-11-01T12:52:50.293+0000] {cursor.py:804} INFO - query: [USE DATABASE AIRFLOW_NYC_TLC;]
[2023-11-01T12:52:50.373+0000] {cursor.py:817} INFO - query execution done
[2023-11-01T12:52:50.374+0000] {cursor.py:959} INFO - Number of results in first chunk: 1
[2023-11-01T12:52:50.374+0000] {sql.py:427} INFO - Rows affected: 1
[2023-11-01T12:52:50.375+0000] {snowflake.py:427} INFO - Rows affected: 1
[2023-11-01T12:52:50.375+0000] {snowflake.py:428} INFO - Snowflake query id: 01b009c4-0302-134c-0000-a7ed0001120e
[2023-11-01T12:52:50.376+0000] {sql.py:418} INFO - Running statement: USE SCHEMA Airflow_Yellow_Taxi;, parameters: {'role': 'ACCOUNTADMIN', 'warehouse': 'AIRFLOW_TLC_WH'}
[2023-11-01T12:52:50.377+0000] {cursor.py:804} INFO - query: [USE SCHEMA Airflow_Yellow_Taxi;]
[2023-11-01T12:52:50.447+0000] {cursor.py:817} INFO - query execution done
[2023-11-01T12:52:50.448+0000] {cursor.py:959} INFO - Number of results in first chunk: 1
[2023-11-01T12:52:50.448+0000] {sql.py:427} INFO - Rows affected: 1
[2023-11-01T12:52:50.449+0000] {snowflake.py:427} INFO - Rows affected: 1
[2023-11-01T12:52:50.449+0000] {snowflake.py:428} INFO - Snowflake query id: 01b009c4-0302-15cc-0000-0000a7edea95
[2023-11-01T12:52:50.450+0000] {sql.py:418} INFO - Running statement: CREATE OR REPLACE PIPE payment_type_dim_pipe
                            AUTO_INGEST = TRUE
                            COMMENT = 'Creates a payment type dimension pipe'
                            AS
                            COPY INTO AIRFLOW_NYC_TLC.Airflow_Yellow_Taxi.payment_type_dim
                            FROM @***_tlc_aws_s3_stage/payment_type_dim
                            FILE_FORMAT = (TYPE = 'PARQUET')
                            MATCH_BY_COLUMN_NAME = CASE_INSENSITIVE, parameters: {'role': 'ACCOUNTADMIN', 'warehouse': 'AIRFLOW_TLC_WH'}
[2023-11-01T12:52:50.450+0000] {cursor.py:804} INFO - query: [CREATE OR REPLACE PIPE payment_type_dim_pipe AUTO_INGEST = TRUE COMMENT = 'Creat...]
[2023-11-01T12:52:50.687+0000] {cursor.py:817} INFO - query execution done
[2023-11-01T12:52:50.688+0000] {cursor.py:959} INFO - Number of results in first chunk: 1
[2023-11-01T12:52:50.688+0000] {sql.py:427} INFO - Rows affected: 1
[2023-11-01T12:52:50.689+0000] {snowflake.py:427} INFO - Rows affected: 1
[2023-11-01T12:52:50.689+0000] {snowflake.py:428} INFO - Snowflake query id: 01b009c4-0302-132f-0000-a7ed000103e6
[2023-11-01T12:52:50.690+0000] {cursor.py:804} INFO - query: [COMMIT]
[2023-11-01T12:52:50.733+0000] {cursor.py:817} INFO - query execution done
[2023-11-01T12:52:50.734+0000] {cursor.py:959} INFO - Number of results in first chunk: 1
[2023-11-01T12:52:50.734+0000] {connection.py:659} INFO - closed
[2023-11-01T12:52:50.759+0000] {connection.py:665} INFO - No async queries seem to be running, deleting session
[2023-11-01T12:52:50.844+0000] {taskinstance.py:1400} INFO - Marking task as SUCCESS. dag_id=Nyc_Yellow_Taxi, task_id=copy_data_into_payment_type_table, execution_date=20231101T125224, start_date=20231101T125248, end_date=20231101T125250
[2023-11-01T12:52:50.890+0000] {local_task_job_runner.py:228} INFO - Task exited with return code 0
[2023-11-01T12:52:50.992+0000] {taskinstance.py:2778} INFO - 0 downstream tasks scheduled from follow-on schedule check
