[2023-11-01T12:52:24.780+0000] {taskinstance.py:1159} INFO - Dependencies all met for dep_context=non-requeueable deps ti=<TaskInstance: Nyc_Yellow_Taxi.create_warehouse manual__2023-11-01T12:52:24.186096+00:00 [queued]>
[2023-11-01T12:52:24.789+0000] {taskinstance.py:1159} INFO - Dependencies all met for dep_context=requeueable deps ti=<TaskInstance: Nyc_Yellow_Taxi.create_warehouse manual__2023-11-01T12:52:24.186096+00:00 [queued]>
[2023-11-01T12:52:24.789+0000] {taskinstance.py:1361} INFO - Starting attempt 1 of 1
[2023-11-01T12:52:24.801+0000] {taskinstance.py:1382} INFO - Executing <Task(SQLExecuteQueryOperator): create_warehouse> on 2023-11-01 12:52:24.186096+00:00
[2023-11-01T12:52:24.805+0000] {standard_task_runner.py:57} INFO - Started process 618 to run task
[2023-11-01T12:52:24.808+0000] {standard_task_runner.py:84} INFO - Running: ['***', 'tasks', 'run', 'Nyc_Yellow_Taxi', 'create_warehouse', 'manual__2023-11-01T12:52:24.186096+00:00', '--job-id', '3758', '--raw', '--subdir', 'DAGS_FOLDER/yellow_taxi_etl.py', '--cfg-path', '/tmp/tmpn3u2fpep']
[2023-11-01T12:52:24.810+0000] {standard_task_runner.py:85} INFO - Job 3758: Subtask create_warehouse
[2023-11-01T12:52:24.859+0000] {task_command.py:416} INFO - Running <TaskInstance: Nyc_Yellow_Taxi.create_warehouse manual__2023-11-01T12:52:24.186096+00:00 [running]> on host 3997903a8e32
[2023-11-01T12:52:24.940+0000] {taskinstance.py:1662} INFO - Exporting env vars: AIRFLOW_CTX_DAG_OWNER='***' AIRFLOW_CTX_DAG_ID='Nyc_Yellow_Taxi' AIRFLOW_CTX_TASK_ID='create_warehouse' AIRFLOW_CTX_EXECUTION_DATE='2023-11-01T12:52:24.186096+00:00' AIRFLOW_CTX_TRY_NUMBER='1' AIRFLOW_CTX_DAG_RUN_ID='manual__2023-11-01T12:52:24.186096+00:00'
[2023-11-01T12:52:24.941+0000] {sql.py:274} INFO - Executing: 
                           CREATE OR REPLACE WAREHOUSE AIRFLOW_TLC_WH
                           WITH
                           WAREHOUSE_TYPE = 'STANDARD'
                           WAREHOUSE_SIZE = 'X-SMALL'
                           INITIALLY_SUSPENDED = TRUE
                           SCALING_POLICY = 'STANDARD'
                           AUTO_SUSPEND = 600
                           COMMENT = 'creates a new virtual warehouse in the system'

                          
[2023-11-01T12:52:24.953+0000] {base.py:73} INFO - Using connection ID 'snowflake_default' for task execution.
[2023-11-01T12:52:25.574+0000] {warnings.py:109} WARNING - /home/***/.local/lib/python3.8/site-packages/snowflake/connector/options.py:103: UserWarning: You have an incompatible version of 'pyarrow' installed (11.0.0), please install a version that adheres to: 'pyarrow<10.1.0,>=10.0.1; extra == "pandas"'
  warn_incompatible_dep(

[2023-11-01T12:52:25.699+0000] {base.py:73} INFO - Using connection ID 'snowflake_default' for task execution.
[2023-11-01T12:52:25.699+0000] {connection.py:329} INFO - Snowflake Connector for Python Version: 3.2.1, Python Version: 3.8.18, Platform: Linux-5.10.102.1-microsoft-standard-WSL2-x86_64-with-glibc2.2.5
[2023-11-01T12:52:25.700+0000] {connection.py:1069} INFO - This connection is in OCSP Fail Open Mode. TLS Certificates would be checked for validity and revocation status. Any other Certificate Revocation related exceptions or OCSP Responder failures would be disregarded in favor of connectivity.
[2023-11-01T12:52:25.701+0000] {connection.py:1087} INFO - Setting use_openssl_only mode to False
[2023-11-01T12:52:26.223+0000] {cursor.py:804} INFO - query: [ALTER SESSION SET autocommit=False]
[2023-11-01T12:52:26.316+0000] {cursor.py:817} INFO - query execution done
[2023-11-01T12:52:26.316+0000] {cursor.py:959} INFO - Number of results in first chunk: 1
[2023-11-01T12:52:26.317+0000] {sql.py:418} INFO - Running statement: CREATE OR REPLACE WAREHOUSE AIRFLOW_TLC_WH
                           WITH
                           WAREHOUSE_TYPE = 'STANDARD'
                           WAREHOUSE_SIZE = 'X-SMALL'
                           INITIALLY_SUSPENDED = TRUE
                           SCALING_POLICY = 'STANDARD'
                           AUTO_SUSPEND = 600
                           COMMENT = 'creates a new virtual warehouse in the system', parameters: None
[2023-11-01T12:52:26.318+0000] {cursor.py:804} INFO - query: [CREATE OR REPLACE WAREHOUSE AIRFLOW_TLC_WH WITH WAREHOUSE_TYPE = 'STANDARD' WARE...]
[2023-11-01T12:52:26.488+0000] {cursor.py:817} INFO - query execution done
[2023-11-01T12:52:26.489+0000] {cursor.py:959} INFO - Number of results in first chunk: 1
[2023-11-01T12:52:26.490+0000] {sql.py:427} INFO - Rows affected: 1
[2023-11-01T12:52:26.490+0000] {snowflake.py:427} INFO - Rows affected: 1
[2023-11-01T12:52:26.491+0000] {snowflake.py:428} INFO - Snowflake query id: 01b009c4-0302-1648-0000-a7ed000121c6
[2023-11-01T12:52:26.491+0000] {cursor.py:804} INFO - query: [COMMIT]
[2023-11-01T12:52:26.572+0000] {cursor.py:817} INFO - query execution done
[2023-11-01T12:52:26.573+0000] {cursor.py:959} INFO - Number of results in first chunk: 1
[2023-11-01T12:52:26.573+0000] {connection.py:659} INFO - closed
[2023-11-01T12:52:26.602+0000] {connection.py:665} INFO - No async queries seem to be running, deleting session
[2023-11-01T12:52:26.675+0000] {taskinstance.py:1400} INFO - Marking task as SUCCESS. dag_id=Nyc_Yellow_Taxi, task_id=create_warehouse, execution_date=20231101T125224, start_date=20231101T125224, end_date=20231101T125226
[2023-11-01T12:52:26.708+0000] {local_task_job_runner.py:228} INFO - Task exited with return code 0
[2023-11-01T12:52:26.762+0000] {taskinstance.py:2778} INFO - 1 downstream tasks scheduled from follow-on schedule check
