[2023-11-01T12:43:41.483+0000] {taskinstance.py:1159} INFO - Dependencies all met for dep_context=non-requeueable deps ti=<TaskInstance: Nyc_Yellow_Taxi.create_datetime_table manual__2023-11-01T12:43:30.220217+00:00 [queued]>
[2023-11-01T12:43:41.496+0000] {taskinstance.py:1159} INFO - Dependencies all met for dep_context=requeueable deps ti=<TaskInstance: Nyc_Yellow_Taxi.create_datetime_table manual__2023-11-01T12:43:30.220217+00:00 [queued]>
[2023-11-01T12:43:41.496+0000] {taskinstance.py:1361} INFO - Starting attempt 1 of 1
[2023-11-01T12:43:41.515+0000] {taskinstance.py:1382} INFO - Executing <Task(SQLExecuteQueryOperator): create_datetime_table> on 2023-11-01 12:43:30.220217+00:00
[2023-11-01T12:43:41.520+0000] {standard_task_runner.py:57} INFO - Started process 309 to run task
[2023-11-01T12:43:41.525+0000] {standard_task_runner.py:84} INFO - Running: ['***', 'tasks', 'run', 'Nyc_Yellow_Taxi', 'create_datetime_table', 'manual__2023-11-01T12:43:30.220217+00:00', '--job-id', '3733', '--raw', '--subdir', 'DAGS_FOLDER/yellow_taxi_etl.py', '--cfg-path', '/tmp/tmp6rg7fsen']
[2023-11-01T12:43:41.527+0000] {standard_task_runner.py:85} INFO - Job 3733: Subtask create_datetime_table
[2023-11-01T12:43:41.590+0000] {task_command.py:416} INFO - Running <TaskInstance: Nyc_Yellow_Taxi.create_datetime_table manual__2023-11-01T12:43:30.220217+00:00 [running]> on host 3997903a8e32
[2023-11-01T12:43:41.697+0000] {taskinstance.py:1662} INFO - Exporting env vars: AIRFLOW_CTX_DAG_OWNER='***' AIRFLOW_CTX_DAG_ID='Nyc_Yellow_Taxi' AIRFLOW_CTX_TASK_ID='create_datetime_table' AIRFLOW_CTX_EXECUTION_DATE='2023-11-01T12:43:30.220217+00:00' AIRFLOW_CTX_TRY_NUMBER='1' AIRFLOW_CTX_DAG_RUN_ID='manual__2023-11-01T12:43:30.220217+00:00'
[2023-11-01T12:43:41.698+0000] {sql.py:274} INFO - Executing: 
                        USE DATABASE AIRFLOW_NYC_TLC;
                        USE SCHEMA Airflow_Yellow_Taxi;
                        CREATE OR REPLACE TABLE datetime_dim (
                                                                       datetime_id INT PRIMARY KEY,
                                                                       tpep_pickup_datetime	TIMESTAMP_NTZ,
                                                                       tpep_dropoff_datetime TIMESTAMP_NTZ
                                                                     )
                        STAGE_FILE_FORMAT = (TYPE = 'PARQUET')
                        COMMENT = 'create datetime dimension'

                        
[2023-11-01T12:43:41.712+0000] {base.py:73} INFO - Using connection ID 'snowflake_default' for task execution.
[2023-11-01T12:43:42.823+0000] {warnings.py:109} WARNING - /home/***/.local/lib/python3.8/site-packages/snowflake/connector/options.py:103: UserWarning: You have an incompatible version of 'pyarrow' installed (11.0.0), please install a version that adheres to: 'pyarrow<10.1.0,>=10.0.1; extra == "pandas"'
  warn_incompatible_dep(

[2023-11-01T12:43:43.039+0000] {base.py:73} INFO - Using connection ID 'snowflake_default' for task execution.
[2023-11-01T12:43:43.040+0000] {connection.py:329} INFO - Snowflake Connector for Python Version: 3.2.1, Python Version: 3.8.18, Platform: Linux-5.10.102.1-microsoft-standard-WSL2-x86_64-with-glibc2.2.5
[2023-11-01T12:43:43.041+0000] {connection.py:1069} INFO - This connection is in OCSP Fail Open Mode. TLS Certificates would be checked for validity and revocation status. Any other Certificate Revocation related exceptions or OCSP Responder failures would be disregarded in favor of connectivity.
[2023-11-01T12:43:43.042+0000] {connection.py:1087} INFO - Setting use_openssl_only mode to False
[2023-11-01T12:43:43.550+0000] {cursor.py:804} INFO - query: [ALTER SESSION SET autocommit=False]
[2023-11-01T12:43:43.633+0000] {cursor.py:817} INFO - query execution done
[2023-11-01T12:43:43.633+0000] {cursor.py:959} INFO - Number of results in first chunk: 1
[2023-11-01T12:43:43.635+0000] {sql.py:418} INFO - Running statement: USE DATABASE AIRFLOW_NYC_TLC;, parameters: {'role': 'ACCOUNTADMIN', 'warehouse': 'AIRFLOW_TLC_WH'}
[2023-11-01T12:43:43.635+0000] {cursor.py:804} INFO - query: [USE DATABASE AIRFLOW_NYC_TLC;]
[2023-11-01T12:43:43.708+0000] {cursor.py:817} INFO - query execution done
[2023-11-01T12:43:43.709+0000] {cursor.py:959} INFO - Number of results in first chunk: 1
[2023-11-01T12:43:43.709+0000] {sql.py:427} INFO - Rows affected: 1
[2023-11-01T12:43:43.710+0000] {snowflake.py:427} INFO - Rows affected: 1
[2023-11-01T12:43:43.710+0000] {snowflake.py:428} INFO - Snowflake query id: 01b009bb-0302-15cc-0000-0000a7ede9a9
[2023-11-01T12:43:43.711+0000] {sql.py:418} INFO - Running statement: USE SCHEMA Airflow_Yellow_Taxi;, parameters: {'role': 'ACCOUNTADMIN', 'warehouse': 'AIRFLOW_TLC_WH'}
[2023-11-01T12:43:43.711+0000] {cursor.py:804} INFO - query: [USE SCHEMA Airflow_Yellow_Taxi;]
[2023-11-01T12:43:43.775+0000] {cursor.py:817} INFO - query execution done
[2023-11-01T12:43:43.775+0000] {cursor.py:959} INFO - Number of results in first chunk: 1
[2023-11-01T12:43:43.776+0000] {sql.py:427} INFO - Rows affected: 1
[2023-11-01T12:43:43.777+0000] {snowflake.py:427} INFO - Rows affected: 1
[2023-11-01T12:43:43.777+0000] {snowflake.py:428} INFO - Snowflake query id: 01b009bb-0302-1648-0000-a7ed0001215a
[2023-11-01T12:43:43.778+0000] {sql.py:418} INFO - Running statement: CREATE OR REPLACE TABLE datetime_dim (
                                                                       datetime_id INT PRIMARY KEY,
                                                                       tpep_pickup_datetime	TIMESTAMP_NTZ,
                                                                       tpep_dropoff_datetime TIMESTAMP_NTZ
                                                                     )
                        STAGE_FILE_FORMAT = (TYPE = 'PARQUET')
                        COMMENT = 'create datetime dimension', parameters: {'role': 'ACCOUNTADMIN', 'warehouse': 'AIRFLOW_TLC_WH'}
[2023-11-01T12:43:43.778+0000] {cursor.py:804} INFO - query: [CREATE OR REPLACE TABLE datetime_dim ( datetime_id INT PRIMARY KEY, tpep_pickup_...]
[2023-11-01T12:43:44.033+0000] {cursor.py:817} INFO - query execution done
[2023-11-01T12:43:44.034+0000] {cursor.py:959} INFO - Number of results in first chunk: 1
[2023-11-01T12:43:44.034+0000] {sql.py:427} INFO - Rows affected: 1
[2023-11-01T12:43:44.035+0000] {snowflake.py:427} INFO - Rows affected: 1
[2023-11-01T12:43:44.035+0000] {snowflake.py:428} INFO - Snowflake query id: 01b009bb-0302-1393-0000-0000a7edc935
[2023-11-01T12:43:44.036+0000] {cursor.py:804} INFO - query: [COMMIT]
[2023-11-01T12:43:44.083+0000] {cursor.py:817} INFO - query execution done
[2023-11-01T12:43:44.083+0000] {cursor.py:959} INFO - Number of results in first chunk: 1
[2023-11-01T12:43:44.084+0000] {connection.py:659} INFO - closed
[2023-11-01T12:43:44.113+0000] {connection.py:665} INFO - No async queries seem to be running, deleting session
[2023-11-01T12:43:44.226+0000] {taskinstance.py:1400} INFO - Marking task as SUCCESS. dag_id=Nyc_Yellow_Taxi, task_id=create_datetime_table, execution_date=20231101T124330, start_date=20231101T124341, end_date=20231101T124344
[2023-11-01T12:43:44.268+0000] {local_task_job_runner.py:228} INFO - Task exited with return code 0
[2023-11-01T12:43:44.326+0000] {taskinstance.py:2778} INFO - 0 downstream tasks scheduled from follow-on schedule check
