[2023-11-01T12:42:06.517+0000] {taskinstance.py:1159} INFO - Dependencies all met for dep_context=non-requeueable deps ti=<TaskInstance: Nyc_Yellow_Taxi.create_dropoff_location_table scheduled__2023-10-30T23:00:00+00:00 [queued]>
[2023-11-01T12:42:06.537+0000] {taskinstance.py:1159} INFO - Dependencies all met for dep_context=requeueable deps ti=<TaskInstance: Nyc_Yellow_Taxi.create_dropoff_location_table scheduled__2023-10-30T23:00:00+00:00 [queued]>
[2023-11-01T12:42:06.538+0000] {taskinstance.py:1361} INFO - Starting attempt 1 of 1
[2023-11-01T12:42:06.569+0000] {taskinstance.py:1382} INFO - Executing <Task(SQLExecuteQueryOperator): create_dropoff_location_table> on 2023-10-30 23:00:00+00:00
[2023-11-01T12:42:06.575+0000] {standard_task_runner.py:57} INFO - Started process 88 to run task
[2023-11-01T12:42:06.596+0000] {standard_task_runner.py:84} INFO - Running: ['***', 'tasks', 'run', 'Nyc_Yellow_Taxi', 'create_dropoff_location_table', 'scheduled__2023-10-30T23:00:00+00:00', '--job-id', '3697', '--raw', '--subdir', 'DAGS_FOLDER/yellow_taxi_etl.py', '--cfg-path', '/tmp/tmp8i6z4ztz']
[2023-11-01T12:42:06.598+0000] {standard_task_runner.py:85} INFO - Job 3697: Subtask create_dropoff_location_table
[2023-11-01T12:42:06.912+0000] {task_command.py:416} INFO - Running <TaskInstance: Nyc_Yellow_Taxi.create_dropoff_location_table scheduled__2023-10-30T23:00:00+00:00 [running]> on host 3997903a8e32
[2023-11-01T12:42:07.111+0000] {taskinstance.py:1662} INFO - Exporting env vars: AIRFLOW_CTX_DAG_OWNER='***' AIRFLOW_CTX_DAG_ID='Nyc_Yellow_Taxi' AIRFLOW_CTX_TASK_ID='create_dropoff_location_table' AIRFLOW_CTX_EXECUTION_DATE='2023-10-30T23:00:00+00:00' AIRFLOW_CTX_TRY_NUMBER='1' AIRFLOW_CTX_DAG_RUN_ID='scheduled__2023-10-30T23:00:00+00:00'
[2023-11-01T12:42:07.114+0000] {sql.py:274} INFO - Executing: 
                                USE DATABASE AIRFLOW_NYC_TLC;
                                USE SCHEMA Airflow_Yellow_Taxi;
                                CREATE OR REPLACE TABLE dropoff_location_dim (
                                                                                   dropoff_location_id INT PRIMARY KEY,
                                                                                   DOLocationID INT
                                                                                 )
                                STAGE_FILE_FORMAT = (TYPE = 'PARQUET')
                                COMMENT = 'create dropoff location dimension'

                                
[2023-11-01T12:42:07.154+0000] {base.py:73} INFO - Using connection ID 'snowflake_default' for task execution.
[2023-11-01T12:42:10.460+0000] {warnings.py:109} WARNING - /home/***/.local/lib/python3.8/site-packages/snowflake/connector/options.py:103: UserWarning: You have an incompatible version of 'pyarrow' installed (11.0.0), please install a version that adheres to: 'pyarrow<10.1.0,>=10.0.1; extra == "pandas"'
  warn_incompatible_dep(

[2023-11-01T12:42:10.898+0000] {base.py:73} INFO - Using connection ID 'snowflake_default' for task execution.
[2023-11-01T12:42:10.899+0000] {connection.py:329} INFO - Snowflake Connector for Python Version: 3.2.1, Python Version: 3.8.18, Platform: Linux-5.10.102.1-microsoft-standard-WSL2-x86_64-with-glibc2.2.5
[2023-11-01T12:42:10.900+0000] {connection.py:1069} INFO - This connection is in OCSP Fail Open Mode. TLS Certificates would be checked for validity and revocation status. Any other Certificate Revocation related exceptions or OCSP Responder failures would be disregarded in favor of connectivity.
[2023-11-01T12:42:10.901+0000] {connection.py:1087} INFO - Setting use_openssl_only mode to False
[2023-11-01T12:42:11.606+0000] {cursor.py:804} INFO - query: [ALTER SESSION SET autocommit=False]
[2023-11-01T12:42:11.701+0000] {cursor.py:817} INFO - query execution done
[2023-11-01T12:42:11.702+0000] {cursor.py:959} INFO - Number of results in first chunk: 1
[2023-11-01T12:42:11.703+0000] {sql.py:418} INFO - Running statement: USE DATABASE AIRFLOW_NYC_TLC;, parameters: {'role': 'ACCOUNTADMIN', 'warehouse': 'AIRFLOW_TLC_WH'}
[2023-11-01T12:42:11.704+0000] {cursor.py:804} INFO - query: [USE DATABASE AIRFLOW_NYC_TLC;]
[2023-11-01T12:42:11.789+0000] {cursor.py:817} INFO - query execution done
[2023-11-01T12:42:11.790+0000] {cursor.py:959} INFO - Number of results in first chunk: 1
[2023-11-01T12:42:11.791+0000] {sql.py:427} INFO - Rows affected: 1
[2023-11-01T12:42:11.791+0000] {snowflake.py:427} INFO - Rows affected: 1
[2023-11-01T12:42:11.792+0000] {snowflake.py:428} INFO - Snowflake query id: 01b009ba-0302-132f-0000-a7ed0001029a
[2023-11-01T12:42:11.792+0000] {sql.py:418} INFO - Running statement: USE SCHEMA Airflow_Yellow_Taxi;, parameters: {'role': 'ACCOUNTADMIN', 'warehouse': 'AIRFLOW_TLC_WH'}
[2023-11-01T12:42:11.793+0000] {cursor.py:804} INFO - query: [USE SCHEMA Airflow_Yellow_Taxi;]
[2023-11-01T12:42:11.906+0000] {cursor.py:817} INFO - query execution done
[2023-11-01T12:42:11.907+0000] {cursor.py:959} INFO - Number of results in first chunk: 1
[2023-11-01T12:42:11.907+0000] {sql.py:427} INFO - Rows affected: 1
[2023-11-01T12:42:11.908+0000] {snowflake.py:427} INFO - Rows affected: 1
[2023-11-01T12:42:11.908+0000] {snowflake.py:428} INFO - Snowflake query id: 01b009ba-0302-15cc-0000-0000a7ede945
[2023-11-01T12:42:11.909+0000] {sql.py:418} INFO - Running statement: CREATE OR REPLACE TABLE dropoff_location_dim (
                                                                                   dropoff_location_id INT PRIMARY KEY,
                                                                                   DOLocationID INT
                                                                                 )
                                STAGE_FILE_FORMAT = (TYPE = 'PARQUET')
                                COMMENT = 'create dropoff location dimension', parameters: {'role': 'ACCOUNTADMIN', 'warehouse': 'AIRFLOW_TLC_WH'}
[2023-11-01T12:42:11.909+0000] {cursor.py:804} INFO - query: [CREATE OR REPLACE TABLE dropoff_location_dim ( dropoff_location_id INT PRIMARY K...]
[2023-11-01T12:42:12.150+0000] {cursor.py:817} INFO - query execution done
[2023-11-01T12:42:12.151+0000] {cursor.py:959} INFO - Number of results in first chunk: 1
[2023-11-01T12:42:12.151+0000] {sql.py:427} INFO - Rows affected: 1
[2023-11-01T12:42:12.152+0000] {snowflake.py:427} INFO - Rows affected: 1
[2023-11-01T12:42:12.152+0000] {snowflake.py:428} INFO - Snowflake query id: 01b009ba-0302-1648-0000-a7ed000120ee
[2023-11-01T12:42:12.153+0000] {cursor.py:804} INFO - query: [COMMIT]
[2023-11-01T12:42:12.212+0000] {cursor.py:817} INFO - query execution done
[2023-11-01T12:42:12.212+0000] {cursor.py:959} INFO - Number of results in first chunk: 1
[2023-11-01T12:42:12.213+0000] {connection.py:659} INFO - closed
[2023-11-01T12:42:12.243+0000] {connection.py:665} INFO - No async queries seem to be running, deleting session
[2023-11-01T12:42:12.331+0000] {taskinstance.py:1400} INFO - Marking task as SUCCESS. dag_id=Nyc_Yellow_Taxi, task_id=create_dropoff_location_table, execution_date=20231030T230000, start_date=20231101T124206, end_date=20231101T124212
[2023-11-01T12:42:12.410+0000] {local_task_job_runner.py:228} INFO - Task exited with return code 0
[2023-11-01T12:42:12.554+0000] {taskinstance.py:2778} INFO - 0 downstream tasks scheduled from follow-on schedule check
[2023-11-01T12:43:37.441+0000] {taskinstance.py:1159} INFO - Dependencies all met for dep_context=non-requeueable deps ti=<TaskInstance: Nyc_Yellow_Taxi.create_dropoff_location_table scheduled__2023-10-30T23:00:00+00:00 [queued]>
[2023-11-01T12:43:37.458+0000] {taskinstance.py:1159} INFO - Dependencies all met for dep_context=requeueable deps ti=<TaskInstance: Nyc_Yellow_Taxi.create_dropoff_location_table scheduled__2023-10-30T23:00:00+00:00 [queued]>
[2023-11-01T12:43:37.459+0000] {taskinstance.py:1361} INFO - Starting attempt 1 of 1
[2023-11-01T12:43:37.479+0000] {taskinstance.py:1382} INFO - Executing <Task(SQLExecuteQueryOperator): create_dropoff_location_table> on 2023-10-30 23:00:00+00:00
[2023-11-01T12:43:37.484+0000] {standard_task_runner.py:57} INFO - Started process 256 to run task
[2023-11-01T12:43:37.490+0000] {standard_task_runner.py:84} INFO - Running: ['***', 'tasks', 'run', 'Nyc_Yellow_Taxi', 'create_dropoff_location_table', 'scheduled__2023-10-30T23:00:00+00:00', '--job-id', '3719', '--raw', '--subdir', 'DAGS_FOLDER/yellow_taxi_etl.py', '--cfg-path', '/tmp/tmp9q1km3ng']
[2023-11-01T12:43:37.491+0000] {standard_task_runner.py:85} INFO - Job 3719: Subtask create_dropoff_location_table
[2023-11-01T12:43:37.575+0000] {task_command.py:416} INFO - Running <TaskInstance: Nyc_Yellow_Taxi.create_dropoff_location_table scheduled__2023-10-30T23:00:00+00:00 [running]> on host 3997903a8e32
[2023-11-01T12:43:37.683+0000] {taskinstance.py:1662} INFO - Exporting env vars: AIRFLOW_CTX_DAG_OWNER='***' AIRFLOW_CTX_DAG_ID='Nyc_Yellow_Taxi' AIRFLOW_CTX_TASK_ID='create_dropoff_location_table' AIRFLOW_CTX_EXECUTION_DATE='2023-10-30T23:00:00+00:00' AIRFLOW_CTX_TRY_NUMBER='1' AIRFLOW_CTX_DAG_RUN_ID='scheduled__2023-10-30T23:00:00+00:00'
[2023-11-01T12:43:37.685+0000] {sql.py:274} INFO - Executing: 
                                USE DATABASE AIRFLOW_NYC_TLC;
                                USE SCHEMA Airflow_Yellow_Taxi;
                                CREATE OR REPLACE TABLE dropoff_location_dim (
                                                                                   dropoff_location_id INT PRIMARY KEY,
                                                                                   DOLocationID INT
                                                                                 )
                                STAGE_FILE_FORMAT = (TYPE = 'PARQUET')
                                COMMENT = 'create dropoff location dimension'

                                
[2023-11-01T12:43:37.701+0000] {base.py:73} INFO - Using connection ID 'snowflake_default' for task execution.
[2023-11-01T12:43:38.736+0000] {warnings.py:109} WARNING - /home/***/.local/lib/python3.8/site-packages/snowflake/connector/options.py:103: UserWarning: You have an incompatible version of 'pyarrow' installed (11.0.0), please install a version that adheres to: 'pyarrow<10.1.0,>=10.0.1; extra == "pandas"'
  warn_incompatible_dep(

[2023-11-01T12:43:38.943+0000] {base.py:73} INFO - Using connection ID 'snowflake_default' for task execution.
[2023-11-01T12:43:38.944+0000] {connection.py:329} INFO - Snowflake Connector for Python Version: 3.2.1, Python Version: 3.8.18, Platform: Linux-5.10.102.1-microsoft-standard-WSL2-x86_64-with-glibc2.2.5
[2023-11-01T12:43:38.945+0000] {connection.py:1069} INFO - This connection is in OCSP Fail Open Mode. TLS Certificates would be checked for validity and revocation status. Any other Certificate Revocation related exceptions or OCSP Responder failures would be disregarded in favor of connectivity.
[2023-11-01T12:43:38.945+0000] {connection.py:1087} INFO - Setting use_openssl_only mode to False
[2023-11-01T12:43:39.532+0000] {cursor.py:804} INFO - query: [ALTER SESSION SET autocommit=False]
[2023-11-01T12:43:39.610+0000] {cursor.py:817} INFO - query execution done
[2023-11-01T12:43:39.612+0000] {cursor.py:959} INFO - Number of results in first chunk: 1
[2023-11-01T12:43:39.613+0000] {sql.py:418} INFO - Running statement: USE DATABASE AIRFLOW_NYC_TLC;, parameters: {'role': 'ACCOUNTADMIN', 'warehouse': 'AIRFLOW_TLC_WH'}
[2023-11-01T12:43:39.614+0000] {cursor.py:804} INFO - query: [USE DATABASE AIRFLOW_NYC_TLC;]
[2023-11-01T12:43:39.690+0000] {cursor.py:817} INFO - query execution done
[2023-11-01T12:43:39.691+0000] {cursor.py:959} INFO - Number of results in first chunk: 1
[2023-11-01T12:43:39.692+0000] {sql.py:427} INFO - Rows affected: 1
[2023-11-01T12:43:39.693+0000] {snowflake.py:427} INFO - Rows affected: 1
[2023-11-01T12:43:39.693+0000] {snowflake.py:428} INFO - Snowflake query id: 01b009bb-0302-132f-0000-a7ed000102f2
[2023-11-01T12:43:39.694+0000] {sql.py:418} INFO - Running statement: USE SCHEMA Airflow_Yellow_Taxi;, parameters: {'role': 'ACCOUNTADMIN', 'warehouse': 'AIRFLOW_TLC_WH'}
[2023-11-01T12:43:39.694+0000] {cursor.py:804} INFO - query: [USE SCHEMA Airflow_Yellow_Taxi;]
[2023-11-01T12:43:39.764+0000] {cursor.py:817} INFO - query execution done
[2023-11-01T12:43:39.765+0000] {cursor.py:959} INFO - Number of results in first chunk: 1
[2023-11-01T12:43:39.766+0000] {sql.py:427} INFO - Rows affected: 1
[2023-11-01T12:43:39.766+0000] {snowflake.py:427} INFO - Rows affected: 1
[2023-11-01T12:43:39.767+0000] {snowflake.py:428} INFO - Snowflake query id: 01b009bb-0302-15cc-0000-0000a7ede97d
[2023-11-01T12:43:39.767+0000] {sql.py:418} INFO - Running statement: CREATE OR REPLACE TABLE dropoff_location_dim (
                                                                                   dropoff_location_id INT PRIMARY KEY,
                                                                                   DOLocationID INT
                                                                                 )
                                STAGE_FILE_FORMAT = (TYPE = 'PARQUET')
                                COMMENT = 'create dropoff location dimension', parameters: {'role': 'ACCOUNTADMIN', 'warehouse': 'AIRFLOW_TLC_WH'}
[2023-11-01T12:43:39.768+0000] {cursor.py:804} INFO - query: [CREATE OR REPLACE TABLE dropoff_location_dim ( dropoff_location_id INT PRIMARY K...]
[2023-11-01T12:43:39.985+0000] {cursor.py:817} INFO - query execution done
[2023-11-01T12:43:39.986+0000] {cursor.py:959} INFO - Number of results in first chunk: 1
[2023-11-01T12:43:39.986+0000] {sql.py:427} INFO - Rows affected: 1
[2023-11-01T12:43:39.987+0000] {snowflake.py:427} INFO - Rows affected: 1
[2023-11-01T12:43:39.988+0000] {snowflake.py:428} INFO - Snowflake query id: 01b009bb-0302-1393-0000-0000a7edc915
[2023-11-01T12:43:39.988+0000] {cursor.py:804} INFO - query: [COMMIT]
[2023-11-01T12:43:40.041+0000] {cursor.py:817} INFO - query execution done
[2023-11-01T12:43:40.041+0000] {cursor.py:959} INFO - Number of results in first chunk: 1
[2023-11-01T12:43:40.042+0000] {connection.py:659} INFO - closed
[2023-11-01T12:43:40.073+0000] {connection.py:665} INFO - No async queries seem to be running, deleting session
[2023-11-01T12:43:40.140+0000] {taskinstance.py:1400} INFO - Marking task as SUCCESS. dag_id=Nyc_Yellow_Taxi, task_id=create_dropoff_location_table, execution_date=20231030T230000, start_date=20231101T124337, end_date=20231101T124340
[2023-11-01T12:43:40.190+0000] {local_task_job_runner.py:228} INFO - Task exited with return code 0
[2023-11-01T12:43:40.255+0000] {taskinstance.py:2778} INFO - 0 downstream tasks scheduled from follow-on schedule check
