[2023-11-01T12:52:33.018+0000] {taskinstance.py:1159} INFO - Dependencies all met for dep_context=non-requeueable deps ti=<TaskInstance: Nyc_Yellow_Taxi.create_payment_type_table manual__2023-11-01T12:52:24.186096+00:00 [queued]>
[2023-11-01T12:52:33.032+0000] {taskinstance.py:1159} INFO - Dependencies all met for dep_context=requeueable deps ti=<TaskInstance: Nyc_Yellow_Taxi.create_payment_type_table manual__2023-11-01T12:52:24.186096+00:00 [queued]>
[2023-11-01T12:52:33.033+0000] {taskinstance.py:1361} INFO - Starting attempt 1 of 1
[2023-11-01T12:52:33.052+0000] {taskinstance.py:1382} INFO - Executing <Task(SQLExecuteQueryOperator): create_payment_type_table> on 2023-11-01 12:52:24.186096+00:00
[2023-11-01T12:52:33.059+0000] {standard_task_runner.py:57} INFO - Started process 648 to run task
[2023-11-01T12:52:33.069+0000] {standard_task_runner.py:84} INFO - Running: ['***', 'tasks', 'run', 'Nyc_Yellow_Taxi', 'create_payment_type_table', 'manual__2023-11-01T12:52:24.186096+00:00', '--job-id', '3767', '--raw', '--subdir', 'DAGS_FOLDER/yellow_taxi_etl.py', '--cfg-path', '/tmp/tmpvgjbx1nu']
[2023-11-01T12:52:33.071+0000] {standard_task_runner.py:85} INFO - Job 3767: Subtask create_payment_type_table
[2023-11-01T12:52:33.137+0000] {task_command.py:416} INFO - Running <TaskInstance: Nyc_Yellow_Taxi.create_payment_type_table manual__2023-11-01T12:52:24.186096+00:00 [running]> on host 3997903a8e32
[2023-11-01T12:52:33.239+0000] {taskinstance.py:1662} INFO - Exporting env vars: AIRFLOW_CTX_DAG_OWNER='***' AIRFLOW_CTX_DAG_ID='Nyc_Yellow_Taxi' AIRFLOW_CTX_TASK_ID='create_payment_type_table' AIRFLOW_CTX_EXECUTION_DATE='2023-11-01T12:52:24.186096+00:00' AIRFLOW_CTX_TRY_NUMBER='1' AIRFLOW_CTX_DAG_RUN_ID='manual__2023-11-01T12:52:24.186096+00:00'
[2023-11-01T12:52:33.241+0000] {sql.py:274} INFO - Executing: 
                            USE DATABASE AIRFLOW_NYC_TLC;
                            USE SCHEMA Airflow_Yellow_Taxi;
                            CREATE OR REPLACE TABLE payment_type_dim (
                                                                               payment_type_id INT PRIMARY KEY,
                                                                               payment_type INT,
                                                                               payment_type_name TEXT
                                                                             )
                            STAGE_FILE_FORMAT = (TYPE = 'PARQUET')
                            COMMENT = 'create payment type dimension'

                            
[2023-11-01T12:52:33.256+0000] {base.py:73} INFO - Using connection ID 'snowflake_default' for task execution.
[2023-11-01T12:52:34.220+0000] {warnings.py:109} WARNING - /home/***/.local/lib/python3.8/site-packages/snowflake/connector/options.py:103: UserWarning: You have an incompatible version of 'pyarrow' installed (11.0.0), please install a version that adheres to: 'pyarrow<10.1.0,>=10.0.1; extra == "pandas"'
  warn_incompatible_dep(

[2023-11-01T12:52:34.371+0000] {base.py:73} INFO - Using connection ID 'snowflake_default' for task execution.
[2023-11-01T12:52:34.372+0000] {connection.py:329} INFO - Snowflake Connector for Python Version: 3.2.1, Python Version: 3.8.18, Platform: Linux-5.10.102.1-microsoft-standard-WSL2-x86_64-with-glibc2.2.5
[2023-11-01T12:52:34.373+0000] {connection.py:1069} INFO - This connection is in OCSP Fail Open Mode. TLS Certificates would be checked for validity and revocation status. Any other Certificate Revocation related exceptions or OCSP Responder failures would be disregarded in favor of connectivity.
[2023-11-01T12:52:34.373+0000] {connection.py:1087} INFO - Setting use_openssl_only mode to False
[2023-11-01T12:52:34.935+0000] {cursor.py:804} INFO - query: [ALTER SESSION SET autocommit=False]
[2023-11-01T12:52:34.998+0000] {cursor.py:817} INFO - query execution done
[2023-11-01T12:52:34.999+0000] {cursor.py:959} INFO - Number of results in first chunk: 1
[2023-11-01T12:52:35.000+0000] {sql.py:418} INFO - Running statement: USE DATABASE AIRFLOW_NYC_TLC;, parameters: {'role': 'ACCOUNTADMIN', 'warehouse': 'AIRFLOW_TLC_WH'}
[2023-11-01T12:52:35.001+0000] {cursor.py:804} INFO - query: [USE DATABASE AIRFLOW_NYC_TLC;]
[2023-11-01T12:52:35.067+0000] {cursor.py:817} INFO - query execution done
[2023-11-01T12:52:35.068+0000] {cursor.py:959} INFO - Number of results in first chunk: 1
[2023-11-01T12:52:35.068+0000] {sql.py:427} INFO - Rows affected: 1
[2023-11-01T12:52:35.069+0000] {snowflake.py:427} INFO - Rows affected: 1
[2023-11-01T12:52:35.070+0000] {snowflake.py:428} INFO - Snowflake query id: 01b009c4-0302-1648-0000-a7ed000121d2
[2023-11-01T12:52:35.070+0000] {sql.py:418} INFO - Running statement: USE SCHEMA Airflow_Yellow_Taxi;, parameters: {'role': 'ACCOUNTADMIN', 'warehouse': 'AIRFLOW_TLC_WH'}
[2023-11-01T12:52:35.071+0000] {cursor.py:804} INFO - query: [USE SCHEMA Airflow_Yellow_Taxi;]
[2023-11-01T12:52:35.135+0000] {cursor.py:817} INFO - query execution done
[2023-11-01T12:52:35.136+0000] {cursor.py:959} INFO - Number of results in first chunk: 1
[2023-11-01T12:52:35.136+0000] {sql.py:427} INFO - Rows affected: 1
[2023-11-01T12:52:35.137+0000] {snowflake.py:427} INFO - Rows affected: 1
[2023-11-01T12:52:35.137+0000] {snowflake.py:428} INFO - Snowflake query id: 01b009c4-0302-132f-0000-a7ed000103b2
[2023-11-01T12:52:35.138+0000] {sql.py:418} INFO - Running statement: CREATE OR REPLACE TABLE payment_type_dim (
                                                                               payment_type_id INT PRIMARY KEY,
                                                                               payment_type INT,
                                                                               payment_type_name TEXT
                                                                             )
                            STAGE_FILE_FORMAT = (TYPE = 'PARQUET')
                            COMMENT = 'create payment type dimension', parameters: {'role': 'ACCOUNTADMIN', 'warehouse': 'AIRFLOW_TLC_WH'}
[2023-11-01T12:52:35.139+0000] {cursor.py:804} INFO - query: [CREATE OR REPLACE TABLE payment_type_dim ( payment_type_id INT PRIMARY KEY, paym...]
[2023-11-01T12:52:35.353+0000] {cursor.py:817} INFO - query execution done
[2023-11-01T12:52:35.354+0000] {cursor.py:959} INFO - Number of results in first chunk: 1
[2023-11-01T12:52:35.354+0000] {sql.py:427} INFO - Rows affected: 1
[2023-11-01T12:52:35.355+0000] {snowflake.py:427} INFO - Rows affected: 1
[2023-11-01T12:52:35.355+0000] {snowflake.py:428} INFO - Snowflake query id: 01b009c4-0302-1393-0000-0000a7edc9bd
[2023-11-01T12:52:35.355+0000] {cursor.py:804} INFO - query: [COMMIT]
[2023-11-01T12:52:35.416+0000] {cursor.py:817} INFO - query execution done
[2023-11-01T12:52:35.416+0000] {cursor.py:959} INFO - Number of results in first chunk: 1
[2023-11-01T12:52:35.417+0000] {connection.py:659} INFO - closed
[2023-11-01T12:52:35.442+0000] {connection.py:665} INFO - No async queries seem to be running, deleting session
[2023-11-01T12:52:35.501+0000] {taskinstance.py:1400} INFO - Marking task as SUCCESS. dag_id=Nyc_Yellow_Taxi, task_id=create_payment_type_table, execution_date=20231101T125224, start_date=20231101T125233, end_date=20231101T125235
[2023-11-01T12:52:35.568+0000] {local_task_job_runner.py:228} INFO - Task exited with return code 0
[2023-11-01T12:52:35.731+0000] {taskinstance.py:2778} INFO - 0 downstream tasks scheduled from follow-on schedule check
