[2023-11-01T12:43:48.711+0000] {taskinstance.py:1159} INFO - Dependencies all met for dep_context=non-requeueable deps ti=<TaskInstance: Nyc_Yellow_Taxi.create_external_storage_integration manual__2023-11-01T12:43:30.220217+00:00 [queued]>
[2023-11-01T12:43:48.720+0000] {taskinstance.py:1159} INFO - Dependencies all met for dep_context=requeueable deps ti=<TaskInstance: Nyc_Yellow_Taxi.create_external_storage_integration manual__2023-11-01T12:43:30.220217+00:00 [queued]>
[2023-11-01T12:43:48.720+0000] {taskinstance.py:1361} INFO - Starting attempt 1 of 1
[2023-11-01T12:43:48.731+0000] {taskinstance.py:1382} INFO - Executing <Task(SQLExecuteQueryOperator): create_external_storage_integration> on 2023-11-01 12:43:30.220217+00:00
[2023-11-01T12:43:48.735+0000] {standard_task_runner.py:57} INFO - Started process 362 to run task
[2023-11-01T12:43:48.738+0000] {standard_task_runner.py:84} INFO - Running: ['***', 'tasks', 'run', 'Nyc_Yellow_Taxi', 'create_external_storage_integration', 'manual__2023-11-01T12:43:30.220217+00:00', '--job-id', '3738', '--raw', '--subdir', 'DAGS_FOLDER/yellow_taxi_etl.py', '--cfg-path', '/tmp/tmpclkwh11y']
[2023-11-01T12:43:48.739+0000] {standard_task_runner.py:85} INFO - Job 3738: Subtask create_external_storage_integration
[2023-11-01T12:43:48.778+0000] {task_command.py:416} INFO - Running <TaskInstance: Nyc_Yellow_Taxi.create_external_storage_integration manual__2023-11-01T12:43:30.220217+00:00 [running]> on host 3997903a8e32
[2023-11-01T12:43:48.843+0000] {taskinstance.py:1662} INFO - Exporting env vars: AIRFLOW_CTX_DAG_OWNER='***' AIRFLOW_CTX_DAG_ID='Nyc_Yellow_Taxi' AIRFLOW_CTX_TASK_ID='create_external_storage_integration' AIRFLOW_CTX_EXECUTION_DATE='2023-11-01T12:43:30.220217+00:00' AIRFLOW_CTX_TRY_NUMBER='1' AIRFLOW_CTX_DAG_RUN_ID='manual__2023-11-01T12:43:30.220217+00:00'
[2023-11-01T12:43:48.844+0000] {sql.py:274} INFO - Executing: 
                              CREATE STORAGE INTEGRATION IF NOT EXISTS ***_tlc_aws_s3_int
                              TYPE = EXTERNAL_STAGE
                              STORAGE_PROVIDER = 'S3'
                              STORAGE_AWS_ROLE_ARN = 'arn:aws:iam::068113920969:role/snowflake_role'
                              ENABLED = TRUE
                              STORAGE_ALLOWED_LOCATIONS = ('s3://nyc-tlc-trip-data/yellow-taxi/')
                              COMMENT = 'create an aws storage integration for nyc taxi trip data'

                              
[2023-11-01T12:43:48.853+0000] {base.py:73} INFO - Using connection ID 'snowflake_default' for task execution.
[2023-11-01T12:43:49.391+0000] {warnings.py:109} WARNING - /home/***/.local/lib/python3.8/site-packages/snowflake/connector/options.py:103: UserWarning: You have an incompatible version of 'pyarrow' installed (11.0.0), please install a version that adheres to: 'pyarrow<10.1.0,>=10.0.1; extra == "pandas"'
  warn_incompatible_dep(

[2023-11-01T12:43:49.495+0000] {base.py:73} INFO - Using connection ID 'snowflake_default' for task execution.
[2023-11-01T12:43:49.496+0000] {connection.py:329} INFO - Snowflake Connector for Python Version: 3.2.1, Python Version: 3.8.18, Platform: Linux-5.10.102.1-microsoft-standard-WSL2-x86_64-with-glibc2.2.5
[2023-11-01T12:43:49.496+0000] {connection.py:1069} INFO - This connection is in OCSP Fail Open Mode. TLS Certificates would be checked for validity and revocation status. Any other Certificate Revocation related exceptions or OCSP Responder failures would be disregarded in favor of connectivity.
[2023-11-01T12:43:49.497+0000] {connection.py:1087} INFO - Setting use_openssl_only mode to False
[2023-11-01T12:43:49.911+0000] {cursor.py:804} INFO - query: [ALTER SESSION SET autocommit=False]
[2023-11-01T12:43:49.986+0000] {cursor.py:817} INFO - query execution done
[2023-11-01T12:43:49.986+0000] {cursor.py:959} INFO - Number of results in first chunk: 1
[2023-11-01T12:43:49.987+0000] {sql.py:418} INFO - Running statement: CREATE STORAGE INTEGRATION IF NOT EXISTS ***_tlc_aws_s3_int
                              TYPE = EXTERNAL_STAGE
                              STORAGE_PROVIDER = 'S3'
                              STORAGE_AWS_ROLE_ARN = 'arn:aws:iam::068113920969:role/snowflake_role'
                              ENABLED = TRUE
                              STORAGE_ALLOWED_LOCATIONS = ('s3://nyc-tlc-trip-data/yellow-taxi/')
                              COMMENT = 'create an aws storage integration for nyc taxi trip data', parameters: {'role': 'ACCOUNTADMIN', 'warehouse': 'AIRFLOW_TLC_WH'}
[2023-11-01T12:43:49.988+0000] {cursor.py:804} INFO - query: [CREATE STORAGE INTEGRATION IF NOT EXISTS ***_tlc_aws_s3_int TYPE = EXTERNAL_...]
[2023-11-01T12:43:50.041+0000] {cursor.py:817} INFO - query execution done
[2023-11-01T12:43:50.042+0000] {cursor.py:959} INFO - Number of results in first chunk: 1
[2023-11-01T12:43:50.042+0000] {sql.py:427} INFO - Rows affected: 1
[2023-11-01T12:43:50.043+0000] {snowflake.py:427} INFO - Rows affected: 1
[2023-11-01T12:43:50.043+0000] {snowflake.py:428} INFO - Snowflake query id: 01b009bb-0302-134c-0000-a7ed00011176
[2023-11-01T12:43:50.044+0000] {cursor.py:804} INFO - query: [COMMIT]
[2023-11-01T12:43:50.099+0000] {cursor.py:817} INFO - query execution done
[2023-11-01T12:43:50.099+0000] {cursor.py:959} INFO - Number of results in first chunk: 1
[2023-11-01T12:43:50.100+0000] {connection.py:659} INFO - closed
[2023-11-01T12:43:50.129+0000] {connection.py:665} INFO - No async queries seem to be running, deleting session
[2023-11-01T12:43:50.185+0000] {taskinstance.py:1400} INFO - Marking task as SUCCESS. dag_id=Nyc_Yellow_Taxi, task_id=create_external_storage_integration, execution_date=20231101T124330, start_date=20231101T124348, end_date=20231101T124350
[2023-11-01T12:43:50.235+0000] {local_task_job_runner.py:228} INFO - Task exited with return code 0
[2023-11-01T12:43:50.287+0000] {taskinstance.py:2778} INFO - 1 downstream tasks scheduled from follow-on schedule check
