[2023-11-01T12:43:59.067+0000] {taskinstance.py:1159} INFO - Dependencies all met for dep_context=non-requeueable deps ti=<TaskInstance: Nyc_Yellow_Taxi.copy_data_into_fact_table manual__2023-11-01T12:43:30.220217+00:00 [queued]>
[2023-11-01T12:43:59.085+0000] {taskinstance.py:1159} INFO - Dependencies all met for dep_context=requeueable deps ti=<TaskInstance: Nyc_Yellow_Taxi.copy_data_into_fact_table manual__2023-11-01T12:43:30.220217+00:00 [queued]>
[2023-11-01T12:43:59.085+0000] {taskinstance.py:1361} INFO - Starting attempt 1 of 1
[2023-11-01T12:43:59.114+0000] {taskinstance.py:1382} INFO - Executing <Task(SQLExecuteQueryOperator): copy_data_into_fact_table> on 2023-11-01 12:43:30.220217+00:00
[2023-11-01T12:43:59.121+0000] {standard_task_runner.py:57} INFO - Started process 455 to run task
[2023-11-01T12:43:59.125+0000] {standard_task_runner.py:84} INFO - Running: ['***', 'tasks', 'run', 'Nyc_Yellow_Taxi', 'copy_data_into_fact_table', 'manual__2023-11-01T12:43:30.220217+00:00', '--job-id', '3755', '--raw', '--subdir', 'DAGS_FOLDER/yellow_taxi_etl.py', '--cfg-path', '/tmp/tmp_ljpl5ym']
[2023-11-01T12:43:59.127+0000] {standard_task_runner.py:85} INFO - Job 3755: Subtask copy_data_into_fact_table
[2023-11-01T12:43:59.192+0000] {task_command.py:416} INFO - Running <TaskInstance: Nyc_Yellow_Taxi.copy_data_into_fact_table manual__2023-11-01T12:43:30.220217+00:00 [running]> on host 3997903a8e32
[2023-11-01T12:43:59.325+0000] {taskinstance.py:1662} INFO - Exporting env vars: AIRFLOW_CTX_DAG_OWNER='***' AIRFLOW_CTX_DAG_ID='Nyc_Yellow_Taxi' AIRFLOW_CTX_TASK_ID='copy_data_into_fact_table' AIRFLOW_CTX_EXECUTION_DATE='2023-11-01T12:43:30.220217+00:00' AIRFLOW_CTX_TRY_NUMBER='1' AIRFLOW_CTX_DAG_RUN_ID='manual__2023-11-01T12:43:30.220217+00:00'
[2023-11-01T12:43:59.326+0000] {sql.py:274} INFO - Executing: 
                    USE DATABASE AIRFLOW_NYC_TLC;
                    USE SCHEMA Airflow_Yellow_Taxi;
                    CREATE OR REPLACE PIPE fact_table_pipe
                    AUTO_INGEST = TRUE
                    COMMENT = 'Creates a fact table pipe'
                    AS
                    COPY INTO AIRFLOW_NYC_TLC.Airflow_Yellow_Taxi.fact_table
                    FROM @***_tlc_aws_s3_stage/fact_table
                    FILE_FORMAT = (TYPE = 'PARQUET')
                    MATCH_BY_COLUMN_NAME = CASE_INSENSITIVE
                              
                    
[2023-11-01T12:43:59.345+0000] {base.py:73} INFO - Using connection ID 'snowflake_default' for task execution.
[2023-11-01T12:44:00.536+0000] {warnings.py:109} WARNING - /home/***/.local/lib/python3.8/site-packages/snowflake/connector/options.py:103: UserWarning: You have an incompatible version of 'pyarrow' installed (11.0.0), please install a version that adheres to: 'pyarrow<10.1.0,>=10.0.1; extra == "pandas"'
  warn_incompatible_dep(

[2023-11-01T12:44:00.738+0000] {base.py:73} INFO - Using connection ID 'snowflake_default' for task execution.
[2023-11-01T12:44:00.739+0000] {connection.py:329} INFO - Snowflake Connector for Python Version: 3.2.1, Python Version: 3.8.18, Platform: Linux-5.10.102.1-microsoft-standard-WSL2-x86_64-with-glibc2.2.5
[2023-11-01T12:44:00.740+0000] {connection.py:1069} INFO - This connection is in OCSP Fail Open Mode. TLS Certificates would be checked for validity and revocation status. Any other Certificate Revocation related exceptions or OCSP Responder failures would be disregarded in favor of connectivity.
[2023-11-01T12:44:00.740+0000] {connection.py:1087} INFO - Setting use_openssl_only mode to False
[2023-11-01T12:44:01.233+0000] {cursor.py:804} INFO - query: [ALTER SESSION SET autocommit=False]
[2023-11-01T12:44:01.308+0000] {cursor.py:817} INFO - query execution done
[2023-11-01T12:44:01.309+0000] {cursor.py:959} INFO - Number of results in first chunk: 1
[2023-11-01T12:44:01.310+0000] {sql.py:418} INFO - Running statement: USE DATABASE AIRFLOW_NYC_TLC;, parameters: {'role': 'ACCOUNTADMIN', 'warehouse': 'AIRFLOW_TLC_WH'}
[2023-11-01T12:44:01.311+0000] {cursor.py:804} INFO - query: [USE DATABASE AIRFLOW_NYC_TLC;]
[2023-11-01T12:44:01.389+0000] {cursor.py:817} INFO - query execution done
[2023-11-01T12:44:01.390+0000] {cursor.py:959} INFO - Number of results in first chunk: 1
[2023-11-01T12:44:01.390+0000] {sql.py:427} INFO - Rows affected: 1
[2023-11-01T12:44:01.391+0000] {snowflake.py:427} INFO - Rows affected: 1
[2023-11-01T12:44:01.392+0000] {snowflake.py:428} INFO - Snowflake query id: 01b009bc-0302-134c-0000-a7ed0001119e
[2023-11-01T12:44:01.392+0000] {sql.py:418} INFO - Running statement: USE SCHEMA Airflow_Yellow_Taxi;, parameters: {'role': 'ACCOUNTADMIN', 'warehouse': 'AIRFLOW_TLC_WH'}
[2023-11-01T12:44:01.393+0000] {cursor.py:804} INFO - query: [USE SCHEMA Airflow_Yellow_Taxi;]
[2023-11-01T12:44:01.487+0000] {cursor.py:817} INFO - query execution done
[2023-11-01T12:44:01.488+0000] {cursor.py:959} INFO - Number of results in first chunk: 1
[2023-11-01T12:44:01.489+0000] {sql.py:427} INFO - Rows affected: 1
[2023-11-01T12:44:01.489+0000] {snowflake.py:427} INFO - Rows affected: 1
[2023-11-01T12:44:01.490+0000] {snowflake.py:428} INFO - Snowflake query id: 01b009bc-0302-134c-0000-a7ed000111a2
[2023-11-01T12:44:01.491+0000] {sql.py:418} INFO - Running statement: CREATE OR REPLACE PIPE fact_table_pipe
                    AUTO_INGEST = TRUE
                    COMMENT = 'Creates a fact table pipe'
                    AS
                    COPY INTO AIRFLOW_NYC_TLC.Airflow_Yellow_Taxi.fact_table
                    FROM @***_tlc_aws_s3_stage/fact_table
                    FILE_FORMAT = (TYPE = 'PARQUET')
                    MATCH_BY_COLUMN_NAME = CASE_INSENSITIVE, parameters: {'role': 'ACCOUNTADMIN', 'warehouse': 'AIRFLOW_TLC_WH'}
[2023-11-01T12:44:01.491+0000] {cursor.py:804} INFO - query: [CREATE OR REPLACE PIPE fact_table_pipe AUTO_INGEST = TRUE COMMENT = 'Creates a f...]
[2023-11-01T12:44:01.959+0000] {cursor.py:817} INFO - query execution done
[2023-11-01T12:44:01.959+0000] {cursor.py:959} INFO - Number of results in first chunk: 1
[2023-11-01T12:44:01.960+0000] {sql.py:427} INFO - Rows affected: 1
[2023-11-01T12:44:01.961+0000] {snowflake.py:427} INFO - Rows affected: 1
[2023-11-01T12:44:01.961+0000] {snowflake.py:428} INFO - Snowflake query id: 01b009bc-0302-1648-0000-a7ed000121ae
[2023-11-01T12:44:01.962+0000] {cursor.py:804} INFO - query: [COMMIT]
[2023-11-01T12:44:02.033+0000] {cursor.py:817} INFO - query execution done
[2023-11-01T12:44:02.034+0000] {cursor.py:959} INFO - Number of results in first chunk: 1
[2023-11-01T12:44:02.035+0000] {connection.py:659} INFO - closed
[2023-11-01T12:44:02.073+0000] {connection.py:665} INFO - No async queries seem to be running, deleting session
[2023-11-01T12:44:02.133+0000] {taskinstance.py:1400} INFO - Marking task as SUCCESS. dag_id=Nyc_Yellow_Taxi, task_id=copy_data_into_fact_table, execution_date=20231101T124330, start_date=20231101T124359, end_date=20231101T124402
[2023-11-01T12:44:02.190+0000] {local_task_job_runner.py:228} INFO - Task exited with return code 0
[2023-11-01T12:44:02.247+0000] {taskinstance.py:2778} INFO - 0 downstream tasks scheduled from follow-on schedule check
