[2023-11-01T12:42:06.570+0000] {taskinstance.py:1159} INFO - Dependencies all met for dep_context=non-requeueable deps ti=<TaskInstance: Nyc_Yellow_Taxi.create_trip_distance_table scheduled__2023-10-30T23:00:00+00:00 [queued]>
[2023-11-01T12:42:06.585+0000] {taskinstance.py:1159} INFO - Dependencies all met for dep_context=requeueable deps ti=<TaskInstance: Nyc_Yellow_Taxi.create_trip_distance_table scheduled__2023-10-30T23:00:00+00:00 [queued]>
[2023-11-01T12:42:06.596+0000] {taskinstance.py:1361} INFO - Starting attempt 1 of 1
[2023-11-01T12:42:06.620+0000] {taskinstance.py:1382} INFO - Executing <Task(SQLExecuteQueryOperator): create_trip_distance_table> on 2023-10-30 23:00:00+00:00
[2023-11-01T12:42:06.633+0000] {standard_task_runner.py:57} INFO - Started process 90 to run task
[2023-11-01T12:42:06.660+0000] {standard_task_runner.py:84} INFO - Running: ['***', 'tasks', 'run', 'Nyc_Yellow_Taxi', 'create_trip_distance_table', 'scheduled__2023-10-30T23:00:00+00:00', '--job-id', '3700', '--raw', '--subdir', 'DAGS_FOLDER/yellow_taxi_etl.py', '--cfg-path', '/tmp/tmp3zmtavn4']
[2023-11-01T12:42:06.676+0000] {standard_task_runner.py:85} INFO - Job 3700: Subtask create_trip_distance_table
[2023-11-01T12:42:06.960+0000] {task_command.py:416} INFO - Running <TaskInstance: Nyc_Yellow_Taxi.create_trip_distance_table scheduled__2023-10-30T23:00:00+00:00 [running]> on host 3997903a8e32
[2023-11-01T12:42:07.147+0000] {taskinstance.py:1662} INFO - Exporting env vars: AIRFLOW_CTX_DAG_OWNER='***' AIRFLOW_CTX_DAG_ID='Nyc_Yellow_Taxi' AIRFLOW_CTX_TASK_ID='create_trip_distance_table' AIRFLOW_CTX_EXECUTION_DATE='2023-10-30T23:00:00+00:00' AIRFLOW_CTX_TRY_NUMBER='1' AIRFLOW_CTX_DAG_RUN_ID='scheduled__2023-10-30T23:00:00+00:00'
[2023-11-01T12:42:07.148+0000] {sql.py:274} INFO - Executing: 
                             USE DATABASE AIRFLOW_NYC_TLC;
                             USE SCHEMA Airflow_Yellow_Taxi;
                             CREATE OR REPLACE TABLE trip_distance_dim (
                                                                             trip_distance_id INT PRIMARY KEY,
                                                                             trip_distance FLOAT
                                                                           )
                             STAGE_FILE_FORMAT = (TYPE = 'PARQUET')
                             COMMENT = 'create trip distance dimension'

                            
[2023-11-01T12:42:07.177+0000] {base.py:73} INFO - Using connection ID 'snowflake_default' for task execution.
[2023-11-01T12:42:10.507+0000] {warnings.py:109} WARNING - /home/***/.local/lib/python3.8/site-packages/snowflake/connector/options.py:103: UserWarning: You have an incompatible version of 'pyarrow' installed (11.0.0), please install a version that adheres to: 'pyarrow<10.1.0,>=10.0.1; extra == "pandas"'
  warn_incompatible_dep(

[2023-11-01T12:42:10.908+0000] {base.py:73} INFO - Using connection ID 'snowflake_default' for task execution.
[2023-11-01T12:42:10.909+0000] {connection.py:329} INFO - Snowflake Connector for Python Version: 3.2.1, Python Version: 3.8.18, Platform: Linux-5.10.102.1-microsoft-standard-WSL2-x86_64-with-glibc2.2.5
[2023-11-01T12:42:10.910+0000] {connection.py:1069} INFO - This connection is in OCSP Fail Open Mode. TLS Certificates would be checked for validity and revocation status. Any other Certificate Revocation related exceptions or OCSP Responder failures would be disregarded in favor of connectivity.
[2023-11-01T12:42:10.910+0000] {connection.py:1087} INFO - Setting use_openssl_only mode to False
[2023-11-01T12:42:11.628+0000] {cursor.py:804} INFO - query: [ALTER SESSION SET autocommit=False]
[2023-11-01T12:42:11.706+0000] {cursor.py:817} INFO - query execution done
[2023-11-01T12:42:11.707+0000] {cursor.py:959} INFO - Number of results in first chunk: 1
[2023-11-01T12:42:11.709+0000] {sql.py:418} INFO - Running statement: USE DATABASE AIRFLOW_NYC_TLC;, parameters: {'role': 'ACCOUNTADMIN', 'warehouse': 'AIRFLOW_TLC_WH'}
[2023-11-01T12:42:11.710+0000] {cursor.py:804} INFO - query: [USE DATABASE AIRFLOW_NYC_TLC;]
[2023-11-01T12:42:11.835+0000] {cursor.py:817} INFO - query execution done
[2023-11-01T12:42:11.836+0000] {cursor.py:959} INFO - Number of results in first chunk: 1
[2023-11-01T12:42:11.836+0000] {sql.py:427} INFO - Rows affected: 1
[2023-11-01T12:42:11.837+0000] {snowflake.py:427} INFO - Rows affected: 1
[2023-11-01T12:42:11.837+0000] {snowflake.py:428} INFO - Snowflake query id: 01b009ba-0302-1648-0000-a7ed000120de
[2023-11-01T12:42:11.838+0000] {sql.py:418} INFO - Running statement: USE SCHEMA Airflow_Yellow_Taxi;, parameters: {'role': 'ACCOUNTADMIN', 'warehouse': 'AIRFLOW_TLC_WH'}
[2023-11-01T12:42:11.838+0000] {cursor.py:804} INFO - query: [USE SCHEMA Airflow_Yellow_Taxi;]
[2023-11-01T12:42:11.922+0000] {cursor.py:817} INFO - query execution done
[2023-11-01T12:42:11.922+0000] {cursor.py:959} INFO - Number of results in first chunk: 1
[2023-11-01T12:42:11.923+0000] {sql.py:427} INFO - Rows affected: 1
[2023-11-01T12:42:11.923+0000] {snowflake.py:427} INFO - Rows affected: 1
[2023-11-01T12:42:11.924+0000] {snowflake.py:428} INFO - Snowflake query id: 01b009ba-0302-1393-0000-0000a7edc8a9
[2023-11-01T12:42:11.924+0000] {sql.py:418} INFO - Running statement: CREATE OR REPLACE TABLE trip_distance_dim (
                                                                             trip_distance_id INT PRIMARY KEY,
                                                                             trip_distance FLOAT
                                                                           )
                             STAGE_FILE_FORMAT = (TYPE = 'PARQUET')
                             COMMENT = 'create trip distance dimension', parameters: {'role': 'ACCOUNTADMIN', 'warehouse': 'AIRFLOW_TLC_WH'}
[2023-11-01T12:42:11.925+0000] {cursor.py:804} INFO - query: [CREATE OR REPLACE TABLE trip_distance_dim ( trip_distance_id INT PRIMARY KEY, tr...]
[2023-11-01T12:42:12.149+0000] {cursor.py:817} INFO - query execution done
[2023-11-01T12:42:12.150+0000] {cursor.py:959} INFO - Number of results in first chunk: 1
[2023-11-01T12:42:12.151+0000] {sql.py:427} INFO - Rows affected: 1
[2023-11-01T12:42:12.151+0000] {snowflake.py:427} INFO - Rows affected: 1
[2023-11-01T12:42:12.152+0000] {snowflake.py:428} INFO - Snowflake query id: 01b009ba-0302-132f-0000-a7ed000102a2
[2023-11-01T12:42:12.153+0000] {cursor.py:804} INFO - query: [COMMIT]
[2023-11-01T12:42:12.209+0000] {cursor.py:817} INFO - query execution done
[2023-11-01T12:42:12.209+0000] {cursor.py:959} INFO - Number of results in first chunk: 1
[2023-11-01T12:42:12.210+0000] {connection.py:659} INFO - closed
[2023-11-01T12:42:12.241+0000] {connection.py:665} INFO - No async queries seem to be running, deleting session
[2023-11-01T12:42:12.344+0000] {taskinstance.py:1400} INFO - Marking task as SUCCESS. dag_id=Nyc_Yellow_Taxi, task_id=create_trip_distance_table, execution_date=20231030T230000, start_date=20231101T124206, end_date=20231101T124212
[2023-11-01T12:42:12.410+0000] {local_task_job_runner.py:228} INFO - Task exited with return code 0
[2023-11-01T12:42:12.495+0000] {taskinstance.py:2778} INFO - 1 downstream tasks scheduled from follow-on schedule check
[2023-11-01T12:43:37.469+0000] {taskinstance.py:1159} INFO - Dependencies all met for dep_context=non-requeueable deps ti=<TaskInstance: Nyc_Yellow_Taxi.create_trip_distance_table scheduled__2023-10-30T23:00:00+00:00 [queued]>
[2023-11-01T12:43:37.484+0000] {taskinstance.py:1159} INFO - Dependencies all met for dep_context=requeueable deps ti=<TaskInstance: Nyc_Yellow_Taxi.create_trip_distance_table scheduled__2023-10-30T23:00:00+00:00 [queued]>
[2023-11-01T12:43:37.485+0000] {taskinstance.py:1361} INFO - Starting attempt 1 of 1
[2023-11-01T12:43:37.505+0000] {taskinstance.py:1382} INFO - Executing <Task(SQLExecuteQueryOperator): create_trip_distance_table> on 2023-10-30 23:00:00+00:00
[2023-11-01T12:43:37.511+0000] {standard_task_runner.py:57} INFO - Started process 261 to run task
[2023-11-01T12:43:37.517+0000] {standard_task_runner.py:84} INFO - Running: ['***', 'tasks', 'run', 'Nyc_Yellow_Taxi', 'create_trip_distance_table', 'scheduled__2023-10-30T23:00:00+00:00', '--job-id', '3725', '--raw', '--subdir', 'DAGS_FOLDER/yellow_taxi_etl.py', '--cfg-path', '/tmp/tmp24iua0ve']
[2023-11-01T12:43:37.521+0000] {standard_task_runner.py:85} INFO - Job 3725: Subtask create_trip_distance_table
[2023-11-01T12:43:37.598+0000] {task_command.py:416} INFO - Running <TaskInstance: Nyc_Yellow_Taxi.create_trip_distance_table scheduled__2023-10-30T23:00:00+00:00 [running]> on host 3997903a8e32
[2023-11-01T12:43:37.704+0000] {taskinstance.py:1662} INFO - Exporting env vars: AIRFLOW_CTX_DAG_OWNER='***' AIRFLOW_CTX_DAG_ID='Nyc_Yellow_Taxi' AIRFLOW_CTX_TASK_ID='create_trip_distance_table' AIRFLOW_CTX_EXECUTION_DATE='2023-10-30T23:00:00+00:00' AIRFLOW_CTX_TRY_NUMBER='1' AIRFLOW_CTX_DAG_RUN_ID='scheduled__2023-10-30T23:00:00+00:00'
[2023-11-01T12:43:37.706+0000] {sql.py:274} INFO - Executing: 
                             USE DATABASE AIRFLOW_NYC_TLC;
                             USE SCHEMA Airflow_Yellow_Taxi;
                             CREATE OR REPLACE TABLE trip_distance_dim (
                                                                             trip_distance_id INT PRIMARY KEY,
                                                                             trip_distance FLOAT
                                                                           )
                             STAGE_FILE_FORMAT = (TYPE = 'PARQUET')
                             COMMENT = 'create trip distance dimension'

                            
[2023-11-01T12:43:37.720+0000] {base.py:73} INFO - Using connection ID 'snowflake_default' for task execution.
[2023-11-01T12:43:38.846+0000] {warnings.py:109} WARNING - /home/***/.local/lib/python3.8/site-packages/snowflake/connector/options.py:103: UserWarning: You have an incompatible version of 'pyarrow' installed (11.0.0), please install a version that adheres to: 'pyarrow<10.1.0,>=10.0.1; extra == "pandas"'
  warn_incompatible_dep(

[2023-11-01T12:43:39.083+0000] {base.py:73} INFO - Using connection ID 'snowflake_default' for task execution.
[2023-11-01T12:43:39.084+0000] {connection.py:329} INFO - Snowflake Connector for Python Version: 3.2.1, Python Version: 3.8.18, Platform: Linux-5.10.102.1-microsoft-standard-WSL2-x86_64-with-glibc2.2.5
[2023-11-01T12:43:39.085+0000] {connection.py:1069} INFO - This connection is in OCSP Fail Open Mode. TLS Certificates would be checked for validity and revocation status. Any other Certificate Revocation related exceptions or OCSP Responder failures would be disregarded in favor of connectivity.
[2023-11-01T12:43:39.086+0000] {connection.py:1087} INFO - Setting use_openssl_only mode to False
[2023-11-01T12:43:39.767+0000] {cursor.py:804} INFO - query: [ALTER SESSION SET autocommit=False]
[2023-11-01T12:43:39.843+0000] {cursor.py:817} INFO - query execution done
[2023-11-01T12:43:39.844+0000] {cursor.py:959} INFO - Number of results in first chunk: 1
[2023-11-01T12:43:39.846+0000] {sql.py:418} INFO - Running statement: USE DATABASE AIRFLOW_NYC_TLC;, parameters: {'role': 'ACCOUNTADMIN', 'warehouse': 'AIRFLOW_TLC_WH'}
[2023-11-01T12:43:39.847+0000] {cursor.py:804} INFO - query: [USE DATABASE AIRFLOW_NYC_TLC;]
[2023-11-01T12:43:39.909+0000] {cursor.py:817} INFO - query execution done
[2023-11-01T12:43:39.909+0000] {cursor.py:959} INFO - Number of results in first chunk: 1
[2023-11-01T12:43:39.910+0000] {sql.py:427} INFO - Rows affected: 1
[2023-11-01T12:43:39.911+0000] {snowflake.py:427} INFO - Rows affected: 1
[2023-11-01T12:43:39.911+0000] {snowflake.py:428} INFO - Snowflake query id: 01b009bb-0302-132f-0000-a7ed00010302
[2023-11-01T12:43:39.912+0000] {sql.py:418} INFO - Running statement: USE SCHEMA Airflow_Yellow_Taxi;, parameters: {'role': 'ACCOUNTADMIN', 'warehouse': 'AIRFLOW_TLC_WH'}
[2023-11-01T12:43:39.912+0000] {cursor.py:804} INFO - query: [USE SCHEMA Airflow_Yellow_Taxi;]
[2023-11-01T12:43:39.967+0000] {cursor.py:817} INFO - query execution done
[2023-11-01T12:43:39.968+0000] {cursor.py:959} INFO - Number of results in first chunk: 1
[2023-11-01T12:43:39.969+0000] {sql.py:427} INFO - Rows affected: 1
[2023-11-01T12:43:39.970+0000] {snowflake.py:427} INFO - Rows affected: 1
[2023-11-01T12:43:39.970+0000] {snowflake.py:428} INFO - Snowflake query id: 01b009bb-0302-132f-0000-a7ed0001030a
[2023-11-01T12:43:39.971+0000] {sql.py:418} INFO - Running statement: CREATE OR REPLACE TABLE trip_distance_dim (
                                                                             trip_distance_id INT PRIMARY KEY,
                                                                             trip_distance FLOAT
                                                                           )
                             STAGE_FILE_FORMAT = (TYPE = 'PARQUET')
                             COMMENT = 'create trip distance dimension', parameters: {'role': 'ACCOUNTADMIN', 'warehouse': 'AIRFLOW_TLC_WH'}
[2023-11-01T12:43:39.972+0000] {cursor.py:804} INFO - query: [CREATE OR REPLACE TABLE trip_distance_dim ( trip_distance_id INT PRIMARY KEY, tr...]
[2023-11-01T12:43:40.159+0000] {cursor.py:817} INFO - query execution done
[2023-11-01T12:43:40.160+0000] {cursor.py:959} INFO - Number of results in first chunk: 1
[2023-11-01T12:43:40.161+0000] {sql.py:427} INFO - Rows affected: 1
[2023-11-01T12:43:40.161+0000] {snowflake.py:427} INFO - Rows affected: 1
[2023-11-01T12:43:40.162+0000] {snowflake.py:428} INFO - Snowflake query id: 01b009bb-0302-132f-0000-a7ed0001030e
[2023-11-01T12:43:40.163+0000] {cursor.py:804} INFO - query: [COMMIT]
[2023-11-01T12:43:40.217+0000] {cursor.py:817} INFO - query execution done
[2023-11-01T12:43:40.217+0000] {cursor.py:959} INFO - Number of results in first chunk: 1
[2023-11-01T12:43:40.218+0000] {connection.py:659} INFO - closed
[2023-11-01T12:43:40.250+0000] {connection.py:665} INFO - No async queries seem to be running, deleting session
[2023-11-01T12:43:40.334+0000] {taskinstance.py:1400} INFO - Marking task as SUCCESS. dag_id=Nyc_Yellow_Taxi, task_id=create_trip_distance_table, execution_date=20231030T230000, start_date=20231101T124337, end_date=20231101T124340
[2023-11-01T12:43:40.380+0000] {local_task_job_runner.py:228} INFO - Task exited with return code 0
[2023-11-01T12:43:40.679+0000] {taskinstance.py:2778} INFO - 0 downstream tasks scheduled from follow-on schedule check
