[2023-11-01T12:52:27.709+0000] {taskinstance.py:1159} INFO - Dependencies all met for dep_context=non-requeueable deps ti=<TaskInstance: Nyc_Yellow_Taxi.create_database manual__2023-11-01T12:52:24.186096+00:00 [queued]>
[2023-11-01T12:52:27.719+0000] {taskinstance.py:1159} INFO - Dependencies all met for dep_context=requeueable deps ti=<TaskInstance: Nyc_Yellow_Taxi.create_database manual__2023-11-01T12:52:24.186096+00:00 [queued]>
[2023-11-01T12:52:27.720+0000] {taskinstance.py:1361} INFO - Starting attempt 1 of 1
[2023-11-01T12:52:27.732+0000] {taskinstance.py:1382} INFO - Executing <Task(SQLExecuteQueryOperator): create_database> on 2023-11-01 12:52:24.186096+00:00
[2023-11-01T12:52:27.736+0000] {standard_task_runner.py:57} INFO - Started process 624 to run task
[2023-11-01T12:52:27.738+0000] {standard_task_runner.py:84} INFO - Running: ['***', 'tasks', 'run', 'Nyc_Yellow_Taxi', 'create_database', 'manual__2023-11-01T12:52:24.186096+00:00', '--job-id', '3759', '--raw', '--subdir', 'DAGS_FOLDER/yellow_taxi_etl.py', '--cfg-path', '/tmp/tmpx0kaj5l6']
[2023-11-01T12:52:27.739+0000] {standard_task_runner.py:85} INFO - Job 3759: Subtask create_database
[2023-11-01T12:52:27.778+0000] {task_command.py:416} INFO - Running <TaskInstance: Nyc_Yellow_Taxi.create_database manual__2023-11-01T12:52:24.186096+00:00 [running]> on host 3997903a8e32
[2023-11-01T12:52:27.847+0000] {taskinstance.py:1662} INFO - Exporting env vars: AIRFLOW_CTX_DAG_OWNER='***' AIRFLOW_CTX_DAG_ID='Nyc_Yellow_Taxi' AIRFLOW_CTX_TASK_ID='create_database' AIRFLOW_CTX_EXECUTION_DATE='2023-11-01T12:52:24.186096+00:00' AIRFLOW_CTX_TRY_NUMBER='1' AIRFLOW_CTX_DAG_RUN_ID='manual__2023-11-01T12:52:24.186096+00:00'
[2023-11-01T12:52:27.848+0000] {sql.py:274} INFO - Executing: 
                          CREATE OR REPLACE DATABASE AIRFLOW_NYC_TLC
                          DATA_RETENTION_TIME_IN_DAYS = 90
                          COMMENT = 'NYC TLC Database'

                         
[2023-11-01T12:52:27.856+0000] {base.py:73} INFO - Using connection ID 'snowflake_default' for task execution.
[2023-11-01T12:52:28.359+0000] {warnings.py:109} WARNING - /home/***/.local/lib/python3.8/site-packages/snowflake/connector/options.py:103: UserWarning: You have an incompatible version of 'pyarrow' installed (11.0.0), please install a version that adheres to: 'pyarrow<10.1.0,>=10.0.1; extra == "pandas"'
  warn_incompatible_dep(

[2023-11-01T12:52:28.462+0000] {base.py:73} INFO - Using connection ID 'snowflake_default' for task execution.
[2023-11-01T12:52:28.463+0000] {connection.py:329} INFO - Snowflake Connector for Python Version: 3.2.1, Python Version: 3.8.18, Platform: Linux-5.10.102.1-microsoft-standard-WSL2-x86_64-with-glibc2.2.5
[2023-11-01T12:52:28.463+0000] {connection.py:1069} INFO - This connection is in OCSP Fail Open Mode. TLS Certificates would be checked for validity and revocation status. Any other Certificate Revocation related exceptions or OCSP Responder failures would be disregarded in favor of connectivity.
[2023-11-01T12:52:28.463+0000] {connection.py:1087} INFO - Setting use_openssl_only mode to False
[2023-11-01T12:52:28.850+0000] {cursor.py:804} INFO - query: [ALTER SESSION SET autocommit=False]
[2023-11-01T12:52:28.935+0000] {cursor.py:817} INFO - query execution done
[2023-11-01T12:52:28.936+0000] {cursor.py:959} INFO - Number of results in first chunk: 1
[2023-11-01T12:52:28.937+0000] {sql.py:418} INFO - Running statement: CREATE OR REPLACE DATABASE AIRFLOW_NYC_TLC
                          DATA_RETENTION_TIME_IN_DAYS = 90
                          COMMENT = 'NYC TLC Database', parameters: {'role': 'ACCOUNTADMIN', 'warehouse': 'AIRFLOW_TLC_WH'}
[2023-11-01T12:52:28.938+0000] {cursor.py:804} INFO - query: [CREATE OR REPLACE DATABASE AIRFLOW_NYC_TLC DATA_RETENTION_TIME_IN_DAYS = 90 COMM...]
[2023-11-01T12:52:29.153+0000] {cursor.py:817} INFO - query execution done
[2023-11-01T12:52:29.154+0000] {cursor.py:959} INFO - Number of results in first chunk: 1
[2023-11-01T12:52:29.155+0000] {sql.py:427} INFO - Rows affected: 1
[2023-11-01T12:52:29.155+0000] {snowflake.py:427} INFO - Rows affected: 1
[2023-11-01T12:52:29.156+0000] {snowflake.py:428} INFO - Snowflake query id: 01b009c4-0302-132f-0000-a7ed0001039a
[2023-11-01T12:52:29.156+0000] {cursor.py:804} INFO - query: [COMMIT]
[2023-11-01T12:52:29.221+0000] {cursor.py:817} INFO - query execution done
[2023-11-01T12:52:29.222+0000] {cursor.py:959} INFO - Number of results in first chunk: 1
[2023-11-01T12:52:29.222+0000] {connection.py:659} INFO - closed
[2023-11-01T12:52:29.250+0000] {connection.py:665} INFO - No async queries seem to be running, deleting session
[2023-11-01T12:52:29.313+0000] {taskinstance.py:1400} INFO - Marking task as SUCCESS. dag_id=Nyc_Yellow_Taxi, task_id=create_database, execution_date=20231101T125224, start_date=20231101T125227, end_date=20231101T125229
[2023-11-01T12:52:29.356+0000] {local_task_job_runner.py:228} INFO - Task exited with return code 0
[2023-11-01T12:52:29.409+0000] {taskinstance.py:2778} INFO - 1 downstream tasks scheduled from follow-on schedule check
