[2023-11-01T12:42:25.765+0000] {taskinstance.py:1159} INFO - Dependencies all met for dep_context=non-requeueable deps ti=<TaskInstance: Nyc_Yellow_Taxi.copy_data_into_datetime_table scheduled__2023-10-30T23:00:00+00:00 [queued]>
[2023-11-01T12:42:25.784+0000] {taskinstance.py:1159} INFO - Dependencies all met for dep_context=requeueable deps ti=<TaskInstance: Nyc_Yellow_Taxi.copy_data_into_datetime_table scheduled__2023-10-30T23:00:00+00:00 [queued]>
[2023-11-01T12:42:25.785+0000] {taskinstance.py:1361} INFO - Starting attempt 1 of 1
[2023-11-01T12:42:25.805+0000] {taskinstance.py:1382} INFO - Executing <Task(SQLExecuteQueryOperator): copy_data_into_datetime_table> on 2023-10-30 23:00:00+00:00
[2023-11-01T12:42:25.812+0000] {standard_task_runner.py:57} INFO - Started process 162 to run task
[2023-11-01T12:42:25.817+0000] {standard_task_runner.py:84} INFO - Running: ['***', 'tasks', 'run', 'Nyc_Yellow_Taxi', 'copy_data_into_datetime_table', 'scheduled__2023-10-30T23:00:00+00:00', '--job-id', '3707', '--raw', '--subdir', 'DAGS_FOLDER/yellow_taxi_etl.py', '--cfg-path', '/tmp/tmp6vvtsbag']
[2023-11-01T12:42:25.820+0000] {standard_task_runner.py:85} INFO - Job 3707: Subtask copy_data_into_datetime_table
[2023-11-01T12:42:25.894+0000] {task_command.py:416} INFO - Running <TaskInstance: Nyc_Yellow_Taxi.copy_data_into_datetime_table scheduled__2023-10-30T23:00:00+00:00 [running]> on host 3997903a8e32
[2023-11-01T12:42:26.005+0000] {taskinstance.py:1662} INFO - Exporting env vars: AIRFLOW_CTX_DAG_OWNER='***' AIRFLOW_CTX_DAG_ID='Nyc_Yellow_Taxi' AIRFLOW_CTX_TASK_ID='copy_data_into_datetime_table' AIRFLOW_CTX_EXECUTION_DATE='2023-10-30T23:00:00+00:00' AIRFLOW_CTX_TRY_NUMBER='1' AIRFLOW_CTX_DAG_RUN_ID='scheduled__2023-10-30T23:00:00+00:00'
[2023-11-01T12:42:26.007+0000] {sql.py:274} INFO - Executing: 
                        USE DATABASE AIRFLOW_NYC_TLC;
                        USE SCHEMA Airflow_Yellow_Taxi;
                        CREATE OR REPLACE PIPE datetime_dim_pipe
                        AUTO_INGEST = TRUE
                        COMMENT = 'Creates a datetime dimension pipe'
                        AS
                        COPY INTO AIRFLOW_NYC_TLC.Airflow_Yellow_Taxi.datetime_dim
                        FROM @***_tlc_aws_s3_stage/datetime_dim
                        FILE_FORMAT = (TYPE = 'PARQUET')
                        MATCH_BY_COLUMN_NAME = CASE_INSENSITIVE
                              
                        
[2023-11-01T12:42:26.023+0000] {base.py:73} INFO - Using connection ID 'snowflake_default' for task execution.
[2023-11-01T12:42:27.721+0000] {warnings.py:109} WARNING - /home/***/.local/lib/python3.8/site-packages/snowflake/connector/options.py:103: UserWarning: You have an incompatible version of 'pyarrow' installed (11.0.0), please install a version that adheres to: 'pyarrow<10.1.0,>=10.0.1; extra == "pandas"'
  warn_incompatible_dep(

[2023-11-01T12:42:28.103+0000] {base.py:73} INFO - Using connection ID 'snowflake_default' for task execution.
[2023-11-01T12:42:28.104+0000] {connection.py:329} INFO - Snowflake Connector for Python Version: 3.2.1, Python Version: 3.8.18, Platform: Linux-5.10.102.1-microsoft-standard-WSL2-x86_64-with-glibc2.2.5
[2023-11-01T12:42:28.105+0000] {connection.py:1069} INFO - This connection is in OCSP Fail Open Mode. TLS Certificates would be checked for validity and revocation status. Any other Certificate Revocation related exceptions or OCSP Responder failures would be disregarded in favor of connectivity.
[2023-11-01T12:42:28.106+0000] {connection.py:1087} INFO - Setting use_openssl_only mode to False
[2023-11-01T12:42:28.703+0000] {cursor.py:804} INFO - query: [ALTER SESSION SET autocommit=False]
[2023-11-01T12:42:28.790+0000] {cursor.py:817} INFO - query execution done
[2023-11-01T12:42:28.790+0000] {cursor.py:959} INFO - Number of results in first chunk: 1
[2023-11-01T12:42:28.792+0000] {sql.py:418} INFO - Running statement: USE DATABASE AIRFLOW_NYC_TLC;, parameters: {'role': 'ACCOUNTADMIN', 'warehouse': 'AIRFLOW_TLC_WH'}
[2023-11-01T12:42:28.792+0000] {cursor.py:804} INFO - query: [USE DATABASE AIRFLOW_NYC_TLC;]
[2023-11-01T12:42:28.871+0000] {cursor.py:817} INFO - query execution done
[2023-11-01T12:42:28.872+0000] {cursor.py:959} INFO - Number of results in first chunk: 1
[2023-11-01T12:42:28.873+0000] {sql.py:427} INFO - Rows affected: 1
[2023-11-01T12:42:28.874+0000] {snowflake.py:427} INFO - Rows affected: 1
[2023-11-01T12:42:28.875+0000] {snowflake.py:428} INFO - Snowflake query id: 01b009ba-0302-1393-0000-0000a7edc8c9
[2023-11-01T12:42:28.877+0000] {sql.py:418} INFO - Running statement: USE SCHEMA Airflow_Yellow_Taxi;, parameters: {'role': 'ACCOUNTADMIN', 'warehouse': 'AIRFLOW_TLC_WH'}
[2023-11-01T12:42:28.878+0000] {cursor.py:804} INFO - query: [USE SCHEMA Airflow_Yellow_Taxi;]
[2023-11-01T12:42:28.962+0000] {cursor.py:817} INFO - query execution done
[2023-11-01T12:42:28.963+0000] {cursor.py:959} INFO - Number of results in first chunk: 1
[2023-11-01T12:42:28.964+0000] {sql.py:427} INFO - Rows affected: 1
[2023-11-01T12:42:28.964+0000] {snowflake.py:427} INFO - Rows affected: 1
[2023-11-01T12:42:28.965+0000] {snowflake.py:428} INFO - Snowflake query id: 01b009ba-0302-15cc-0000-0000a7ede95d
[2023-11-01T12:42:28.965+0000] {sql.py:418} INFO - Running statement: CREATE OR REPLACE PIPE datetime_dim_pipe
                        AUTO_INGEST = TRUE
                        COMMENT = 'Creates a datetime dimension pipe'
                        AS
                        COPY INTO AIRFLOW_NYC_TLC.Airflow_Yellow_Taxi.datetime_dim
                        FROM @***_tlc_aws_s3_stage/datetime_dim
                        FILE_FORMAT = (TYPE = 'PARQUET')
                        MATCH_BY_COLUMN_NAME = CASE_INSENSITIVE, parameters: {'role': 'ACCOUNTADMIN', 'warehouse': 'AIRFLOW_TLC_WH'}
[2023-11-01T12:42:28.966+0000] {cursor.py:804} INFO - query: [CREATE OR REPLACE PIPE datetime_dim_pipe AUTO_INGEST = TRUE COMMENT = 'Creates a...]
[2023-11-01T12:42:29.317+0000] {cursor.py:817} INFO - query execution done
[2023-11-01T12:42:29.319+0000] {cursor.py:959} INFO - Number of results in first chunk: 1
[2023-11-01T12:42:29.320+0000] {sql.py:427} INFO - Rows affected: 1
[2023-11-01T12:42:29.321+0000] {snowflake.py:427} INFO - Rows affected: 1
[2023-11-01T12:42:29.321+0000] {snowflake.py:428} INFO - Snowflake query id: 01b009ba-0302-1393-0000-0000a7edc8dd
[2023-11-01T12:42:29.322+0000] {cursor.py:804} INFO - query: [COMMIT]
[2023-11-01T12:42:29.385+0000] {cursor.py:817} INFO - query execution done
[2023-11-01T12:42:29.386+0000] {cursor.py:959} INFO - Number of results in first chunk: 1
[2023-11-01T12:42:29.387+0000] {connection.py:659} INFO - closed
[2023-11-01T12:42:29.415+0000] {connection.py:665} INFO - No async queries seem to be running, deleting session
[2023-11-01T12:42:29.484+0000] {taskinstance.py:1400} INFO - Marking task as SUCCESS. dag_id=Nyc_Yellow_Taxi, task_id=copy_data_into_datetime_table, execution_date=20231030T230000, start_date=20231101T124225, end_date=20231101T124229
[2023-11-01T12:42:29.531+0000] {local_task_job_runner.py:228} INFO - Task exited with return code 0
[2023-11-01T12:42:29.667+0000] {taskinstance.py:2778} INFO - 0 downstream tasks scheduled from follow-on schedule check
[2023-11-01T12:43:53.414+0000] {taskinstance.py:1159} INFO - Dependencies all met for dep_context=non-requeueable deps ti=<TaskInstance: Nyc_Yellow_Taxi.copy_data_into_datetime_table scheduled__2023-10-30T23:00:00+00:00 [queued]>
[2023-11-01T12:43:53.433+0000] {taskinstance.py:1159} INFO - Dependencies all met for dep_context=requeueable deps ti=<TaskInstance: Nyc_Yellow_Taxi.copy_data_into_datetime_table scheduled__2023-10-30T23:00:00+00:00 [queued]>
[2023-11-01T12:43:53.433+0000] {taskinstance.py:1361} INFO - Starting attempt 1 of 1
[2023-11-01T12:43:53.453+0000] {taskinstance.py:1382} INFO - Executing <Task(SQLExecuteQueryOperator): copy_data_into_datetime_table> on 2023-10-30 23:00:00+00:00
[2023-11-01T12:43:53.460+0000] {standard_task_runner.py:57} INFO - Started process 408 to run task
[2023-11-01T12:43:53.466+0000] {standard_task_runner.py:84} INFO - Running: ['***', 'tasks', 'run', 'Nyc_Yellow_Taxi', 'copy_data_into_datetime_table', 'scheduled__2023-10-30T23:00:00+00:00', '--job-id', '3748', '--raw', '--subdir', 'DAGS_FOLDER/yellow_taxi_etl.py', '--cfg-path', '/tmp/tmpw84q5opf']
[2023-11-01T12:43:53.468+0000] {standard_task_runner.py:85} INFO - Job 3748: Subtask copy_data_into_datetime_table
[2023-11-01T12:43:53.553+0000] {task_command.py:416} INFO - Running <TaskInstance: Nyc_Yellow_Taxi.copy_data_into_datetime_table scheduled__2023-10-30T23:00:00+00:00 [running]> on host 3997903a8e32
[2023-11-01T12:43:53.677+0000] {taskinstance.py:1662} INFO - Exporting env vars: AIRFLOW_CTX_DAG_OWNER='***' AIRFLOW_CTX_DAG_ID='Nyc_Yellow_Taxi' AIRFLOW_CTX_TASK_ID='copy_data_into_datetime_table' AIRFLOW_CTX_EXECUTION_DATE='2023-10-30T23:00:00+00:00' AIRFLOW_CTX_TRY_NUMBER='1' AIRFLOW_CTX_DAG_RUN_ID='scheduled__2023-10-30T23:00:00+00:00'
[2023-11-01T12:43:53.678+0000] {sql.py:274} INFO - Executing: 
                        USE DATABASE AIRFLOW_NYC_TLC;
                        USE SCHEMA Airflow_Yellow_Taxi;
                        CREATE OR REPLACE PIPE datetime_dim_pipe
                        AUTO_INGEST = TRUE
                        COMMENT = 'Creates a datetime dimension pipe'
                        AS
                        COPY INTO AIRFLOW_NYC_TLC.Airflow_Yellow_Taxi.datetime_dim
                        FROM @***_tlc_aws_s3_stage/datetime_dim
                        FILE_FORMAT = (TYPE = 'PARQUET')
                        MATCH_BY_COLUMN_NAME = CASE_INSENSITIVE
                              
                        
[2023-11-01T12:43:53.698+0000] {base.py:73} INFO - Using connection ID 'snowflake_default' for task execution.
[2023-11-01T12:43:55.036+0000] {warnings.py:109} WARNING - /home/***/.local/lib/python3.8/site-packages/snowflake/connector/options.py:103: UserWarning: You have an incompatible version of 'pyarrow' installed (11.0.0), please install a version that adheres to: 'pyarrow<10.1.0,>=10.0.1; extra == "pandas"'
  warn_incompatible_dep(

[2023-11-01T12:43:55.353+0000] {base.py:73} INFO - Using connection ID 'snowflake_default' for task execution.
[2023-11-01T12:43:55.353+0000] {connection.py:329} INFO - Snowflake Connector for Python Version: 3.2.1, Python Version: 3.8.18, Platform: Linux-5.10.102.1-microsoft-standard-WSL2-x86_64-with-glibc2.2.5
[2023-11-01T12:43:55.354+0000] {connection.py:1069} INFO - This connection is in OCSP Fail Open Mode. TLS Certificates would be checked for validity and revocation status. Any other Certificate Revocation related exceptions or OCSP Responder failures would be disregarded in favor of connectivity.
[2023-11-01T12:43:55.354+0000] {connection.py:1087} INFO - Setting use_openssl_only mode to False
[2023-11-01T12:43:55.869+0000] {cursor.py:804} INFO - query: [ALTER SESSION SET autocommit=False]
[2023-11-01T12:43:55.940+0000] {cursor.py:817} INFO - query execution done
[2023-11-01T12:43:55.941+0000] {cursor.py:959} INFO - Number of results in first chunk: 1
[2023-11-01T12:43:55.943+0000] {sql.py:418} INFO - Running statement: USE DATABASE AIRFLOW_NYC_TLC;, parameters: {'role': 'ACCOUNTADMIN', 'warehouse': 'AIRFLOW_TLC_WH'}
[2023-11-01T12:43:55.944+0000] {cursor.py:804} INFO - query: [USE DATABASE AIRFLOW_NYC_TLC;]
[2023-11-01T12:43:56.013+0000] {cursor.py:817} INFO - query execution done
[2023-11-01T12:43:56.014+0000] {cursor.py:959} INFO - Number of results in first chunk: 1
[2023-11-01T12:43:56.015+0000] {sql.py:427} INFO - Rows affected: 1
[2023-11-01T12:43:56.016+0000] {snowflake.py:427} INFO - Rows affected: 1
[2023-11-01T12:43:56.017+0000] {snowflake.py:428} INFO - Snowflake query id: 01b009bb-0302-1648-0000-a7ed0001218a
[2023-11-01T12:43:56.017+0000] {sql.py:418} INFO - Running statement: USE SCHEMA Airflow_Yellow_Taxi;, parameters: {'role': 'ACCOUNTADMIN', 'warehouse': 'AIRFLOW_TLC_WH'}
[2023-11-01T12:43:56.018+0000] {cursor.py:804} INFO - query: [USE SCHEMA Airflow_Yellow_Taxi;]
[2023-11-01T12:43:56.085+0000] {cursor.py:817} INFO - query execution done
[2023-11-01T12:43:56.086+0000] {cursor.py:959} INFO - Number of results in first chunk: 1
[2023-11-01T12:43:56.087+0000] {sql.py:427} INFO - Rows affected: 1
[2023-11-01T12:43:56.087+0000] {snowflake.py:427} INFO - Rows affected: 1
[2023-11-01T12:43:56.088+0000] {snowflake.py:428} INFO - Snowflake query id: 01b009bb-0302-132f-0000-a7ed00010376
[2023-11-01T12:43:56.088+0000] {sql.py:418} INFO - Running statement: CREATE OR REPLACE PIPE datetime_dim_pipe
                        AUTO_INGEST = TRUE
                        COMMENT = 'Creates a datetime dimension pipe'
                        AS
                        COPY INTO AIRFLOW_NYC_TLC.Airflow_Yellow_Taxi.datetime_dim
                        FROM @***_tlc_aws_s3_stage/datetime_dim
                        FILE_FORMAT = (TYPE = 'PARQUET')
                        MATCH_BY_COLUMN_NAME = CASE_INSENSITIVE, parameters: {'role': 'ACCOUNTADMIN', 'warehouse': 'AIRFLOW_TLC_WH'}
[2023-11-01T12:43:56.089+0000] {cursor.py:804} INFO - query: [CREATE OR REPLACE PIPE datetime_dim_pipe AUTO_INGEST = TRUE COMMENT = 'Creates a...]
[2023-11-01T12:43:56.328+0000] {cursor.py:817} INFO - query execution done
[2023-11-01T12:43:56.328+0000] {cursor.py:959} INFO - Number of results in first chunk: 1
[2023-11-01T12:43:56.329+0000] {sql.py:427} INFO - Rows affected: 1
[2023-11-01T12:43:56.330+0000] {snowflake.py:427} INFO - Rows affected: 1
[2023-11-01T12:43:56.330+0000] {snowflake.py:428} INFO - Snowflake query id: 01b009bb-0302-1393-0000-0000a7edc971
[2023-11-01T12:43:56.331+0000] {cursor.py:804} INFO - query: [COMMIT]
[2023-11-01T12:43:56.406+0000] {cursor.py:817} INFO - query execution done
[2023-11-01T12:43:56.407+0000] {cursor.py:959} INFO - Number of results in first chunk: 1
[2023-11-01T12:43:56.407+0000] {connection.py:659} INFO - closed
[2023-11-01T12:43:56.435+0000] {connection.py:665} INFO - No async queries seem to be running, deleting session
[2023-11-01T12:43:56.498+0000] {taskinstance.py:1400} INFO - Marking task as SUCCESS. dag_id=Nyc_Yellow_Taxi, task_id=copy_data_into_datetime_table, execution_date=20231030T230000, start_date=20231101T124353, end_date=20231101T124356
[2023-11-01T12:43:56.535+0000] {local_task_job_runner.py:228} INFO - Task exited with return code 0
[2023-11-01T12:43:56.617+0000] {taskinstance.py:2778} INFO - 0 downstream tasks scheduled from follow-on schedule check
